#
# There is insufficient memory for the Java Runtime Environment to continue.
# Native memory allocation (malloc) failed to allocate 1733936 bytes for Chunk::new
# Possible reasons:
#   The system is out of physical RAM or swap space
#   The process is running with CompressedOops enabled, and the Java Heap may be blocking the growth of the native heap
# Possible solutions:
#   Reduce memory load on the system
#   Increase physical memory or swap space
#   Check if swap backing store is full
#   Decrease Java heap size (-Xmx/-Xms)
#   Decrease number of Java threads
#   Decrease Java thread stack sizes (-Xss)
#   Set larger code cache with -XX:ReservedCodeCacheSize=
#   JVM is running with Unscaled Compressed Oops mode in which the Java heap is
#     placed in the first 4GB address space. The Java Heap base address is the
#     maximum limit for the native heap growth. Please use -XX:HeapBaseMinAddress
#     to set the Java Heap base and to place the Java Heap above 4GB virtual address.
# This output file may be truncated or incomplete.
#
#  Out of Memory Error (./src/hotspot/share/memory/arena.cpp:197), pid=1096, tid=2532
#
# JRE version: OpenJDK Runtime Environment (11.0.11+9) (build 11.0.11+9-b60-7590822)
# Java VM: OpenJDK 64-Bit Server VM (11.0.11+9-b60-7590822, mixed mode, tiered, compressed oops, g1 gc, windows-amd64)
# No core dump will be written. Minidumps are not enabled by default on client versions of Windows
#

---------------  S U M M A R Y ------------

Command Line: --add-opens=java.base/java.util=ALL-UNNAMED --add-opens=java.base/java.lang=ALL-UNNAMED --add-opens=java.base/java.lang.invoke=ALL-UNNAMED --add-opens=java.base/java.util=ALL-UNNAMED --add-opens=java.prefs/java.util.prefs=ALL-UNNAMED --add-opens=java.prefs/java.util.prefs=ALL-UNNAMED --add-opens=java.base/java.nio.charset=ALL-UNNAMED --add-opens=java.base/java.net=ALL-UNNAMED --add-opens=java.base/java.util.concurrent.atomic=ALL-UNNAMED -Xmx2048m -Dfile.encoding=UTF-8 -Duser.country=RU -Duser.language=ru -Duser.variant org.gradle.launcher.daemon.bootstrap.GradleDaemon 7.2

Host: Intel(R) Pentium(R) CPU 2020M @ 2.40GHz, 2 cores, 7G,  Windows 10 , 64 bit Build 19041 (10.0.19041.3570)
Time: Sun Oct 22 17:07:47 2023 RTZ 2 (зима) elapsed time: 5520.017153 seconds (0d 1h 32m 0s)

---------------  T H R E A D  ---------------

Current thread (0x000002b9e34c9800):  JavaThread "C2 CompilerThread0" daemon [_thread_in_native, id=2532, stack(0x000000db86500000,0x000000db86600000)]


Current CompileTask:
C2:5520017 19153   !   4       java.io.ObjectOutputStream::writeObject0 (619 bytes)

Stack: [0x000000db86500000,0x000000db86600000]
Native frames: (J=compiled Java code, j=interpreted, Vv=VM code, C=native code)
V  [jvm.dll+0x5f214a]
V  [jvm.dll+0x726fb5]
V  [jvm.dll+0x7285cd]
V  [jvm.dll+0x728c83]
V  [jvm.dll+0x243278]
V  [jvm.dll+0xbc53c]
V  [jvm.dll+0xbca3c]
V  [jvm.dll+0x353e7d]
V  [jvm.dll+0x19875c]
V  [jvm.dll+0x1fc2ee]
V  [jvm.dll+0x1fb3d4]
V  [jvm.dll+0x183d6c]
V  [jvm.dll+0x209a57]
V  [jvm.dll+0x2082a1]
V  [jvm.dll+0x6ef58f]
V  [jvm.dll+0x6e80b5]
V  [jvm.dll+0x5f1036]
C  [ucrtbase.dll+0x21bb2]
C  [KERNEL32.DLL+0x17344]
C  [ntdll.dll+0x526b1]


---------------  P R O C E S S  ---------------

Threads class SMR info:
_java_thread_list=0x000002b9ec7b0c50, length=59, elements={
0x000002b9c7deb000, 0x000002b9e34a4000, 0x000002b9e34a5800, 0x000002b9e34c1800,
0x000002b9e34c3800, 0x000002b9e34c4800, 0x000002b9e34c9800, 0x000002b9e34cb000,
0x000002b9e3e97800, 0x000002b9e3f8d800, 0x000002b9e53c3800, 0x000002b9e5201800,
0x000002b9e59ee800, 0x000002b9e3f2a800, 0x000002b9e3f2a000, 0x000002b9e3f30800,
0x000002b9e3f2f000, 0x000002b9e3f2b800, 0x000002b9e6401800, 0x000002b9e63ff000,
0x000002b9e63fd000, 0x000002b9e63fe000, 0x000002b9e6397800, 0x000002b9e639c800,
0x000002b9ec58d800, 0x000002b9ec590000, 0x000002b9ec596800, 0x000002b9ec58c000,
0x000002b9ec591000, 0x000002b9ec58f800, 0x000002b9ec58b800, 0x000002b9ec597800,
0x000002b9ec592000, 0x000002b9ec598800, 0x000002b9ec592800, 0x000002b9ec596000,
0x000002b9ec59a000, 0x000002b9ec595000, 0x000002b9e6392000, 0x000002b9e6396000,
0x000002b9e6395000, 0x000002b9e6390000, 0x000002b9e6391000, 0x000002b9e6393800,
0x000002b9e6398800, 0x000002b9e6394800, 0x000002b9e6392800, 0x000002b9e639b800,
0x000002b9e639e000, 0x000002b9e639d800, 0x000002b9e639f000, 0x000002b9e6399000,
0x000002b9e639a000, 0x000002b9e6400800, 0x000002b9e63fb800, 0x000002b9e6408000,
0x000002b9e6402000, 0x000002b9e6407000, 0x000002b9e6403000
}

Java Threads: ( => current thread )
  0x000002b9c7deb000 JavaThread "main" [_thread_blocked, id=8388, stack(0x000000db85800000,0x000000db85900000)]
  0x000002b9e34a4000 JavaThread "Reference Handler" daemon [_thread_blocked, id=3036, stack(0x000000db86000000,0x000000db86100000)]
  0x000002b9e34a5800 JavaThread "Finalizer" daemon [_thread_blocked, id=9608, stack(0x000000db86100000,0x000000db86200000)]
  0x000002b9e34c1800 JavaThread "Signal Dispatcher" daemon [_thread_blocked, id=7944, stack(0x000000db86200000,0x000000db86300000)]
  0x000002b9e34c3800 JavaThread "Attach Listener" daemon [_thread_blocked, id=4816, stack(0x000000db86300000,0x000000db86400000)]
  0x000002b9e34c4800 JavaThread "Service Thread" daemon [_thread_blocked, id=2724, stack(0x000000db86400000,0x000000db86500000)]
=>0x000002b9e34c9800 JavaThread "C2 CompilerThread0" daemon [_thread_in_native, id=2532, stack(0x000000db86500000,0x000000db86600000)]
  0x000002b9e34cb000 JavaThread "C1 CompilerThread0" daemon [_thread_blocked, id=8896, stack(0x000000db86600000,0x000000db86700000)]
  0x000002b9e3e97800 JavaThread "Sweeper thread" daemon [_thread_blocked, id=4648, stack(0x000000db86700000,0x000000db86800000)]
  0x000002b9e3f8d800 JavaThread "Common-Cleaner" daemon [_thread_blocked, id=4508, stack(0x000000db86800000,0x000000db86900000)]
  0x000002b9e53c3800 JavaThread "Daemon health stats" [_thread_blocked, id=8536, stack(0x000000db86b00000,0x000000db86c00000)]
  0x000002b9e5201800 JavaThread "Incoming local TCP Connector on port 61114" [_thread_in_native, id=4440, stack(0x000000db86d00000,0x000000db86e00000)]
  0x000002b9e59ee800 JavaThread "Daemon periodic checks" [_thread_blocked, id=8212, stack(0x000000db86e00000,0x000000db86f00000)]
  0x000002b9e3f2a800 JavaThread "Cache worker for journal cache (C:\Users\User\.gradle\caches\journal-1)" [_thread_blocked, id=8780, stack(0x000000db87600000,0x000000db87700000)]
  0x000002b9e3f2a000 JavaThread "File lock request listener" [_thread_in_native, id=5880, stack(0x000000db87700000,0x000000db87800000)]
  0x000002b9e3f30800 JavaThread "Cache worker for file hash cache (C:\Users\User\.gradle\caches\7.2\fileHashes)" [_thread_blocked, id=8492, stack(0x000000db87800000,0x000000db87900000)]
  0x000002b9e3f2f000 JavaThread "File watcher server" daemon [_thread_in_native, id=4624, stack(0x000000db87a00000,0x000000db87b00000)]
  0x000002b9e3f2b800 JavaThread "File watcher consumer" daemon [_thread_blocked, id=1892, stack(0x000000db87b00000,0x000000db87c00000)]
  0x000002b9e6401800 JavaThread "Cache worker for execution history cache (C:\Users\User\.gradle\caches\7.2\executionHistory)" [_thread_blocked, id=8488, stack(0x000000db87f00000,0x000000db88000000)]
  0x000002b9e63ff000 JavaThread "jar transforms" [_thread_blocked, id=6404, stack(0x000000db88000000,0x000000db88100000)]
  0x000002b9e63fd000 JavaThread "jar transforms Thread 2" [_thread_blocked, id=8036, stack(0x000000db88100000,0x000000db88200000)]
  0x000002b9e63fe000 JavaThread "Cache worker for file content cache (C:\Users\User\.gradle\caches\7.2\fileContent)" [_thread_blocked, id=9652, stack(0x000000db88200000,0x000000db88300000)]
  0x000002b9e6397800 JavaThread "Memory manager" [_thread_blocked, id=2252, stack(0x000000db89900000,0x000000db89a00000)]
  0x000002b9e639c800 JavaThread "RMI Scheduler(0)" daemon [_thread_blocked, id=11136, stack(0x000000db8a000000,0x000000db8a100000)]
  0x000002b9ec58d800 JavaThread "RMI TCP Accept-0" daemon [_thread_in_native, id=1488, stack(0x000000db85900000,0x000000db85a00000)]
  0x000002b9ec590000 JavaThread "Cache worker for Java compile cache (C:\Users\User\.gradle\caches\7.2\javaCompile)" [_thread_blocked, id=5168, stack(0x000000db8a400000,0x000000db8a500000)]
  0x000002b9ec596800 JavaThread "ForkJoinPool.commonPool-worker-3" daemon [_thread_blocked, id=7256, stack(0x000000db8a800000,0x000000db8a900000)]
  0x000002b9ec58c000 JavaThread "Daemon Thread 4" [_thread_blocked, id=5088, stack(0x000000db85700000,0x000000db85800000)]
  0x000002b9ec591000 JavaThread "Handler for socket connection from /127.0.0.1:61114 to /127.0.0.1:56376" [_thread_in_native, id=11872, stack(0x000000db86f00000,0x000000db87000000)]
  0x000002b9ec58f800 JavaThread "Cancel handler" [_thread_blocked, id=1220, stack(0x000000db87000000,0x000000db87100000)]
  0x000002b9ec58b800 JavaThread "Daemon worker Thread 4" [_thread_in_vm, id=2264, stack(0x000000db87100000,0x000000db87200000)]
  0x000002b9ec597800 JavaThread "Asynchronous log dispatcher for DefaultDaemonConnection: socket connection from /127.0.0.1:61114 to /127.0.0.1:56376" [_thread_blocked, id=9004, stack(0x000000db87200000,0x000000db87300000)]
  0x000002b9ec592000 JavaThread "Stdin handler" [_thread_blocked, id=2496, stack(0x000000db87300000,0x000000db87400000)]
  0x000002b9ec598800 JavaThread "Daemon client event forwarder" [_thread_blocked, id=2916, stack(0x000000db87500000,0x000000db87600000)]
  0x000002b9ec592800 JavaThread "Cache worker for file hash cache (C:\1\CallBoard\.gradle\7.2\fileHashes)" [_thread_blocked, id=11392, stack(0x000000db87900000,0x000000db87a00000)]
  0x000002b9ec596000 JavaThread "Cache worker for checksums cache (C:\1\CallBoard\.gradle\checksums)" [_thread_blocked, id=7808, stack(0x000000db87c00000,0x000000db87d00000)]
  0x000002b9ec59a000 JavaThread "Cache worker for dependencies-accessors (C:\1\CallBoard\.gradle\7.2\dependencies-accessors)" [_thread_blocked, id=11800, stack(0x000000db88300000,0x000000db88400000)]
  0x000002b9ec595000 JavaThread "Unconstrained build operations" [_thread_blocked, id=8336, stack(0x000000db88500000,0x000000db88600000)]
  0x000002b9e6392000 JavaThread "Unconstrained build operations Thread 2" [_thread_blocked, id=3500, stack(0x000000db88600000,0x000000db88700000)]
  0x000002b9e6396000 JavaThread "Unconstrained build operations Thread 3" [_thread_blocked, id=5464, stack(0x000000db88700000,0x000000db88800000)]
  0x000002b9e6395000 JavaThread "Unconstrained build operations Thread 4" [_thread_blocked, id=11784, stack(0x000000db88800000,0x000000db88900000)]
  0x000002b9e6390000 JavaThread "Unconstrained build operations Thread 5" [_thread_blocked, id=1444, stack(0x000000db88900000,0x000000db88a00000)]
  0x000002b9e6391000 JavaThread "Unconstrained build operations Thread 6" [_thread_blocked, id=6312, stack(0x000000db88a00000,0x000000db88b00000)]
  0x000002b9e6393800 JavaThread "Unconstrained build operations Thread 7" [_thread_blocked, id=9516, stack(0x000000db88b00000,0x000000db88c00000)]
  0x000002b9e6398800 JavaThread "Unconstrained build operations Thread 8" [_thread_blocked, id=3268, stack(0x000000db88c00000,0x000000db88d00000)]
  0x000002b9e6394800 JavaThread "Unconstrained build operations Thread 9" [_thread_blocked, id=7960, stack(0x000000db88d00000,0x000000db88e00000)]
  0x000002b9e6392800 JavaThread "Unconstrained build operations Thread 10" [_thread_blocked, id=5080, stack(0x000000db88e00000,0x000000db88f00000)]
  0x000002b9e639b800 JavaThread "Unconstrained build operations Thread 11" [_thread_blocked, id=8288, stack(0x000000db88f00000,0x000000db89000000)]
  0x000002b9e639e000 JavaThread "Unconstrained build operations Thread 12" [_thread_blocked, id=2688, stack(0x000000db89000000,0x000000db89100000)]
  0x000002b9e639d800 JavaThread "Unconstrained build operations Thread 13" [_thread_blocked, id=4256, stack(0x000000db89100000,0x000000db89200000)]
  0x000002b9e639f000 JavaThread "Unconstrained build operations Thread 14" [_thread_blocked, id=5116, stack(0x000000db89200000,0x000000db89300000)]
  0x000002b9e6399000 JavaThread "Unconstrained build operations Thread 15" [_thread_blocked, id=1524, stack(0x000000db89300000,0x000000db89400000)]
  0x000002b9e639a000 JavaThread "Unconstrained build operations Thread 16" [_thread_blocked, id=10456, stack(0x000000db89400000,0x000000db89500000)]
  0x000002b9e6400800 JavaThread "Unconstrained build operations Thread 17" [_thread_blocked, id=6184, stack(0x000000db89500000,0x000000db89600000)]
  0x000002b9e63fb800 JavaThread "Unconstrained build operations Thread 18" [_thread_blocked, id=10572, stack(0x000000db89600000,0x000000db89700000)]
  0x000002b9e6408000 JavaThread "Unconstrained build operations Thread 19" [_thread_blocked, id=5812, stack(0x000000db89700000,0x000000db89800000)]
  0x000002b9e6402000 JavaThread "Unconstrained build operations Thread 20" [_thread_blocked, id=4588, stack(0x000000db89800000,0x000000db89900000)]
  0x000002b9e6407000 JavaThread "WorkerExecutor Queue" [_thread_blocked, id=5164, stack(0x000000db87400000,0x000000db87500000)]
  0x000002b9e6403000 JavaThread "WorkerExecutor Queue Thread 2" [_thread_blocked, id=12272, stack(0x000000db89d00000,0x000000db89e00000)]

Other Threads:
  0x000002b9e349c800 VMThread "VM Thread" [stack: 0x000000db85f00000,0x000000db86000000] [id=2020]
  0x000002b9e3fbb800 WatcherThread [stack: 0x000000db86900000,0x000000db86a00000] [id=5840]
  0x000002b9c7e21000 GCTaskThread "GC Thread#0" [stack: 0x000000db85a00000,0x000000db85b00000] [id=7980]
  0x000002b9e405b000 GCTaskThread "GC Thread#1" [stack: 0x000000db86a00000,0x000000db86b00000] [id=5160]
  0x000002b9c7e53000 ConcurrentGCThread "G1 Main Marker" [stack: 0x000000db85b00000,0x000000db85c00000] [id=8060]
  0x000002b9c7e55800 ConcurrentGCThread "G1 Conc#0" [stack: 0x000000db85c00000,0x000000db85d00000] [id=8916]
  0x000002b9c7ec7800 ConcurrentGCThread "G1 Refine#0" [stack: 0x000000db85d00000,0x000000db85e00000] [id=460]
  0x000002b9e4390800 ConcurrentGCThread "G1 Refine#1" [stack: 0x000000db86c00000,0x000000db86d00000] [id=324]
  0x000002b9c7eca800 ConcurrentGCThread "G1 Young RemSet Sampling" [stack: 0x000000db85e00000,0x000000db85f00000] [id=8928]

Threads with active compile tasks:
C2 CompilerThread05520049 19153   !   4       java.io.ObjectOutputStream::writeObject0 (619 bytes)

VM state:not at safepoint (normal execution)

VM Mutex/Monitor currently owned by a thread:  ([mutex/lock_event])
[0x000002b9c7e0ce50] AdapterHandlerLibrary_lock - owner thread: 0x000002b9ec58b800

Heap address: 0x0000000080000000, size: 2048 MB, Compressed Oops mode: 32-bit
Narrow klass base: 0x0000000000000000, Narrow klass shift: 3
Compressed class space size: 1073741824 Address: 0x0000000100000000

Heap:
 garbage-first heap   total 321536K, used 138526K [0x0000000080000000, 0x0000000100000000)
  region size 1024K, 13 young (13312K), 2 survivors (2048K)
 Metaspace       used 121502K, capacity 124774K, committed 125616K, reserved 1159168K
  class space    used 15523K, capacity 16749K, committed 17024K, reserved 1048576K
Heap Regions: E=young(eden), S=young(survivor), O=old, HS=humongous(starts), HC=humongous(continues), CS=collection set, F=free, A=archive, TAMS=top-at-mark-start (previous, next)
|   0|0x0000000080000000, 0x0000000080100000, 0x0000000080100000|100%| O|  |TAMS 0x0000000080100000, 0x0000000080000000| Untracked 
|   1|0x0000000080100000, 0x0000000080200000, 0x0000000080200000|100%| O|  |TAMS 0x0000000080200000, 0x0000000080100000| Complete 
|   2|0x0000000080200000, 0x0000000080300000, 0x0000000080300000|100%| O|  |TAMS 0x0000000080300000, 0x0000000080200000| Complete 
|   3|0x0000000080300000, 0x0000000080400000, 0x0000000080400000|100%| O|  |TAMS 0x0000000080400000, 0x0000000080300000| Untracked 
|   4|0x0000000080400000, 0x0000000080500000, 0x0000000080500000|100%|HS|  |TAMS 0x0000000080500000, 0x0000000080400000| Complete 
|   5|0x0000000080500000, 0x0000000080600000, 0x0000000080600000|100%|HC|  |TAMS 0x0000000080600000, 0x0000000080500000| Complete 
|   6|0x0000000080600000, 0x0000000080700000, 0x0000000080700000|100%|HC|  |TAMS 0x0000000080700000, 0x0000000080600000| Complete 
|   7|0x0000000080700000, 0x0000000080800000, 0x0000000080800000|100%| O|  |TAMS 0x0000000080800000, 0x0000000080700000| Untracked 
|   8|0x0000000080800000, 0x0000000080900000, 0x0000000080900000|100%| O|  |TAMS 0x0000000080900000, 0x0000000080800000| Untracked 
|   9|0x0000000080900000, 0x0000000080a00000, 0x0000000080a00000|100%| O|  |TAMS 0x0000000080a00000, 0x0000000080900000| Untracked 
|  10|0x0000000080a00000, 0x0000000080b00000, 0x0000000080b00000|100%| O|  |TAMS 0x0000000080b00000, 0x0000000080a00000| Untracked 
|  11|0x0000000080b00000, 0x0000000080c00000, 0x0000000080c00000|100%| O|  |TAMS 0x0000000080c00000, 0x0000000080b00000| Untracked 
|  12|0x0000000080c00000, 0x0000000080d00000, 0x0000000080d00000|100%| O|  |TAMS 0x0000000080d00000, 0x0000000080c00000| Untracked 
|  13|0x0000000080d00000, 0x0000000080e00000, 0x0000000080e00000|100%| O|  |TAMS 0x0000000080e00000, 0x0000000080d00000| Complete 
|  14|0x0000000080e00000, 0x0000000080f00000, 0x0000000080f00000|100%| O|  |TAMS 0x0000000080f00000, 0x0000000080e00000| Complete 
|  15|0x0000000080f00000, 0x0000000081000000, 0x0000000081000000|100%| O|  |TAMS 0x0000000081000000, 0x0000000080f00000| Complete 
|  16|0x0000000081000000, 0x0000000081100000, 0x0000000081100000|100%|HS|  |TAMS 0x0000000081100000, 0x0000000081000000| Complete 
|  17|0x0000000081100000, 0x0000000081200000, 0x0000000081200000|100%| O|  |TAMS 0x0000000081200000, 0x0000000081100000| Complete 
|  18|0x0000000081200000, 0x0000000081300000, 0x0000000081300000|100%| O|  |TAMS 0x0000000081300000, 0x0000000081200000| Untracked 
|  19|0x0000000081300000, 0x0000000081400000, 0x0000000081400000|100%| O|  |TAMS 0x0000000081400000, 0x0000000081300000| Complete 
|  20|0x0000000081400000, 0x0000000081500000, 0x0000000081500000|100%| O|  |TAMS 0x0000000081500000, 0x0000000081400000| Untracked 
|  21|0x0000000081500000, 0x0000000081600000, 0x0000000081600000|100%| O|  |TAMS 0x0000000081600000, 0x0000000081500000| Complete 
|  22|0x0000000081600000, 0x0000000081700000, 0x0000000081700000|100%| O|  |TAMS 0x0000000081700000, 0x0000000081600000| Complete 
|  23|0x0000000081700000, 0x0000000081800000, 0x0000000081800000|100%| O|  |TAMS 0x0000000081800000, 0x0000000081700000| Untracked 
|  24|0x0000000081800000, 0x0000000081900000, 0x0000000081900000|100%| O|  |TAMS 0x0000000081900000, 0x0000000081800000| Complete 
|  25|0x0000000081900000, 0x0000000081a00000, 0x0000000081a00000|100%| O|  |TAMS 0x0000000081a00000, 0x0000000081900000| Complete 
|  26|0x0000000081a00000, 0x0000000081b00000, 0x0000000081b00000|100%| O|  |TAMS 0x0000000081b00000, 0x0000000081a00000| Complete 
|  27|0x0000000081b00000, 0x0000000081c00000, 0x0000000081c00000|100%|HS|  |TAMS 0x0000000081c00000, 0x0000000081b00000| Complete 
|  28|0x0000000081c00000, 0x0000000081d00000, 0x0000000081d00000|100%|HS|  |TAMS 0x0000000081d00000, 0x0000000081c00000| Complete 
|  29|0x0000000081d00000, 0x0000000081e00000, 0x0000000081e00000|100%|HS|  |TAMS 0x0000000081e00000, 0x0000000081d00000| Complete 
|  30|0x0000000081e00000, 0x0000000081f00000, 0x0000000081f00000|100%|HS|  |TAMS 0x0000000081f00000, 0x0000000081e00000| Complete 
|  31|0x0000000081f00000, 0x0000000082000000, 0x0000000082000000|100%|HC|  |TAMS 0x0000000082000000, 0x0000000081f00000| Complete 
|  32|0x0000000082000000, 0x0000000082100000, 0x0000000082100000|100%|HC|  |TAMS 0x0000000082100000, 0x0000000082000000| Complete 
|  33|0x0000000082100000, 0x0000000082200000, 0x0000000082200000|100%|HS|  |TAMS 0x0000000082200000, 0x0000000082100000| Complete 
|  34|0x0000000082200000, 0x0000000082300000, 0x0000000082300000|100%|HC|  |TAMS 0x0000000082300000, 0x0000000082200000| Complete 
|  35|0x0000000082300000, 0x0000000082400000, 0x0000000082400000|100%| O|  |TAMS 0x0000000082400000, 0x0000000082300000| Untracked 
|  36|0x0000000082400000, 0x0000000082500000, 0x0000000082500000|100%| O|  |TAMS 0x0000000082500000, 0x0000000082400000| Complete 
|  37|0x0000000082500000, 0x0000000082600000, 0x0000000082600000|100%| O|  |TAMS 0x0000000082600000, 0x0000000082500000| Untracked 
|  38|0x0000000082600000, 0x0000000082700000, 0x0000000082700000|100%| O|  |TAMS 0x0000000082700000, 0x0000000082600000| Complete 
|  39|0x0000000082700000, 0x0000000082800000, 0x0000000082800000|100%| O|  |TAMS 0x0000000082800000, 0x0000000082700000| Untracked 
|  40|0x0000000082800000, 0x0000000082900000, 0x0000000082900000|100%| O|  |TAMS 0x0000000082900000, 0x0000000082800000| Untracked 
|  41|0x0000000082900000, 0x0000000082a00000, 0x0000000082a00000|100%| O|  |TAMS 0x0000000082a00000, 0x0000000082900000| Untracked 
|  42|0x0000000082a00000, 0x0000000082b00000, 0x0000000082b00000|100%| O|  |TAMS 0x0000000082b00000, 0x0000000082a00000| Complete 
|  43|0x0000000082b00000, 0x0000000082c00000, 0x0000000082c00000|100%| O|  |TAMS 0x0000000082c00000, 0x0000000082b00000| Complete 
|  44|0x0000000082c00000, 0x0000000082d00000, 0x0000000082d00000|100%| O|  |TAMS 0x0000000082d00000, 0x0000000082c00000| Complete 
|  45|0x0000000082d00000, 0x0000000082e00000, 0x0000000082e00000|100%| O|  |TAMS 0x0000000082e00000, 0x0000000082d00000| Untracked 
|  46|0x0000000082e00000, 0x0000000082f00000, 0x0000000082f00000|100%| O|  |TAMS 0x0000000082f00000, 0x0000000082e00000| Complete 
|  47|0x0000000082f00000, 0x0000000083000000, 0x0000000083000000|100%| O|  |TAMS 0x0000000083000000, 0x0000000082f00000| Complete 
|  48|0x0000000083000000, 0x0000000083100000, 0x0000000083100000|100%| O|  |TAMS 0x0000000083100000, 0x0000000083000000| Complete 
|  49|0x0000000083100000, 0x0000000083200000, 0x0000000083200000|100%| O|  |TAMS 0x00000000831dd400, 0x0000000083100000| Untracked 
|  50|0x0000000083200000, 0x0000000083300000, 0x0000000083300000|100%| O|  |TAMS 0x0000000083300000, 0x0000000083200000| Complete 
|  51|0x0000000083300000, 0x0000000083400000, 0x0000000083400000|100%| O|  |TAMS 0x0000000083400000, 0x0000000083300000| Complete 
|  52|0x0000000083400000, 0x0000000083500000, 0x0000000083500000|100%| O|  |TAMS 0x0000000083500000, 0x0000000083400000| Complete 
|  53|0x0000000083500000, 0x0000000083600000, 0x0000000083600000|100%| O|  |TAMS 0x0000000083600000, 0x0000000083500000| Complete 
|  54|0x0000000083600000, 0x0000000083700000, 0x0000000083700000|100%| O|  |TAMS 0x0000000083600000, 0x0000000083600000| Untracked 
|  55|0x0000000083700000, 0x0000000083800000, 0x0000000083800000|100%| O|  |TAMS 0x0000000083800000, 0x0000000083700000| Complete 
|  56|0x0000000083800000, 0x0000000083900000, 0x0000000083900000|100%| O|  |TAMS 0x0000000083900000, 0x0000000083800000| Complete 
|  57|0x0000000083900000, 0x0000000083a00000, 0x0000000083a00000|100%| O|  |TAMS 0x0000000083a00000, 0x0000000083900000| Complete 
|  58|0x0000000083a00000, 0x0000000083b00000, 0x0000000083b00000|100%| O|  |TAMS 0x0000000083b00000, 0x0000000083a00000| Complete 
|  59|0x0000000083b00000, 0x0000000083c00000, 0x0000000083c00000|100%| O|  |TAMS 0x0000000083c00000, 0x0000000083b00000| Complete 
|  60|0x0000000083c00000, 0x0000000083d00000, 0x0000000083d00000|100%| O|  |TAMS 0x0000000083d00000, 0x0000000083c00000| Untracked 
|  61|0x0000000083d00000, 0x0000000083e00000, 0x0000000083e00000|100%| O|  |TAMS 0x0000000083e00000, 0x0000000083d00000| Complete 
|  62|0x0000000083e00000, 0x0000000083f00000, 0x0000000083f00000|100%| O|  |TAMS 0x0000000083f00000, 0x0000000083e00000| Complete 
|  63|0x0000000083f00000, 0x0000000084000000, 0x0000000084000000|100%| O|  |TAMS 0x0000000084000000, 0x0000000083f00000| Complete 
|  64|0x0000000084000000, 0x0000000084100000, 0x0000000084100000|100%| O|  |TAMS 0x0000000084100000, 0x0000000084000000| Complete 
|  65|0x0000000084100000, 0x0000000084200000, 0x0000000084200000|100%| O|  |TAMS 0x0000000084200000, 0x0000000084100000| Complete 
|  66|0x0000000084200000, 0x0000000084300000, 0x0000000084300000|100%| O|  |TAMS 0x0000000084300000, 0x0000000084200000| Complete 
|  67|0x0000000084300000, 0x0000000084400000, 0x0000000084400000|100%| O|  |TAMS 0x0000000084400000, 0x0000000084300000| Complete 
|  68|0x0000000084400000, 0x0000000084500000, 0x0000000084500000|100%| O|  |TAMS 0x0000000084500000, 0x0000000084400000| Complete 
|  69|0x0000000084500000, 0x0000000084600000, 0x0000000084600000|100%| O|  |TAMS 0x0000000084600000, 0x0000000084500000| Complete 
|  70|0x0000000084600000, 0x0000000084700000, 0x0000000084700000|100%| O|  |TAMS 0x0000000084700000, 0x0000000084600000| Complete 
|  71|0x0000000084700000, 0x0000000084800000, 0x0000000084800000|100%| O|  |TAMS 0x0000000084700000, 0x0000000084700000| Untracked 
|  72|0x0000000084800000, 0x0000000084900000, 0x0000000084900000|100%| O|  |TAMS 0x0000000084900000, 0x0000000084800000| Complete 
|  73|0x0000000084900000, 0x0000000084a00000, 0x0000000084a00000|100%| O|  |TAMS 0x0000000084900000, 0x0000000084900000| Untracked 
|  74|0x0000000084a00000, 0x0000000084b00000, 0x0000000084b00000|100%| O|  |TAMS 0x0000000084b00000, 0x0000000084a00000| Complete 
|  75|0x0000000084b00000, 0x0000000084c00000, 0x0000000084c00000|100%| O|  |TAMS 0x0000000084c00000, 0x0000000084b00000| Complete 
|  76|0x0000000084c00000, 0x0000000084d00000, 0x0000000084d00000|100%| O|  |TAMS 0x0000000084d00000, 0x0000000084c00000| Complete 
|  77|0x0000000084d00000, 0x0000000084df6400, 0x0000000084e00000| 96%| O|  |TAMS 0x0000000084d00000, 0x0000000084d00000| Untracked 
|  78|0x0000000084e00000, 0x0000000084f00000, 0x0000000084f00000|100%| O|  |TAMS 0x0000000084f00000, 0x0000000084e00000| Complete 
|  79|0x0000000084f00000, 0x0000000085000000, 0x0000000085000000|100%| O|  |TAMS 0x0000000085000000, 0x0000000084f00000| Complete 
|  80|0x0000000085000000, 0x0000000085100000, 0x0000000085100000|100%| O|  |TAMS 0x0000000085100000, 0x0000000085000000| Untracked 
|  81|0x0000000085100000, 0x0000000085200000, 0x0000000085200000|100%| O|  |TAMS 0x0000000085200000, 0x0000000085100000| Untracked 
|  82|0x0000000085200000, 0x0000000085300000, 0x0000000085300000|100%| O|  |TAMS 0x0000000085300000, 0x0000000085200000| Untracked 
|  83|0x0000000085300000, 0x0000000085300000, 0x0000000085400000|  0%| F|  |TAMS 0x0000000085300000, 0x0000000085300000| Untracked 
|  84|0x0000000085400000, 0x0000000085500000, 0x0000000085500000|100%| O|  |TAMS 0x0000000085500000, 0x0000000085400000| Complete 
|  85|0x0000000085500000, 0x0000000085600000, 0x0000000085600000|100%| O|  |TAMS 0x0000000085600000, 0x0000000085500000| Untracked 
|  86|0x0000000085600000, 0x0000000085600000, 0x0000000085700000|  0%| F|  |TAMS 0x0000000085600000, 0x0000000085600000| Untracked 
|  87|0x0000000085700000, 0x0000000085800000, 0x0000000085800000|100%| O|  |TAMS 0x0000000085800000, 0x0000000085700000| Untracked 
|  88|0x0000000085800000, 0x0000000085900000, 0x0000000085900000|100%| O|  |TAMS 0x0000000085900000, 0x0000000085800000| Untracked 
|  89|0x0000000085900000, 0x0000000085a00000, 0x0000000085a00000|100%| O|  |TAMS 0x0000000085a00000, 0x0000000085900000| Untracked 
|  90|0x0000000085a00000, 0x0000000085b00000, 0x0000000085b00000|100%| O|  |TAMS 0x0000000085b00000, 0x0000000085a00000| Untracked 
|  91|0x0000000085b00000, 0x0000000085c00000, 0x0000000085c00000|100%| O|  |TAMS 0x0000000085c00000, 0x0000000085b00000| Complete 
|  92|0x0000000085c00000, 0x0000000085d00000, 0x0000000085d00000|100%| O|  |TAMS 0x0000000085d00000, 0x0000000085c00000| Untracked 
|  93|0x0000000085d00000, 0x0000000085e00000, 0x0000000085e00000|100%| O|  |TAMS 0x0000000085e00000, 0x0000000085d00000| Complete 
|  94|0x0000000085e00000, 0x0000000085e00000, 0x0000000085f00000|  0%| F|  |TAMS 0x0000000085e00000, 0x0000000085e00000| Untracked 
|  95|0x0000000085f00000, 0x0000000086000000, 0x0000000086000000|100%| O|  |TAMS 0x0000000086000000, 0x0000000085f00000| Complete 
|  96|0x0000000086000000, 0x0000000086100000, 0x0000000086100000|100%| O|  |TAMS 0x0000000086100000, 0x0000000086000000| Complete 
|  97|0x0000000086100000, 0x0000000086200000, 0x0000000086200000|100%| O|  |TAMS 0x0000000086200000, 0x0000000086100000| Untracked 
|  98|0x0000000086200000, 0x0000000086300000, 0x0000000086300000|100%| O|  |TAMS 0x0000000086300000, 0x0000000086200000| Untracked 
|  99|0x0000000086300000, 0x0000000086300000, 0x0000000086400000|  0%| F|  |TAMS 0x0000000086300000, 0x0000000086300000| Untracked 
| 100|0x0000000086400000, 0x0000000086400000, 0x0000000086500000|  0%| F|  |TAMS 0x0000000086400000, 0x0000000086400000| Untracked 
| 101|0x0000000086500000, 0x0000000086600000, 0x0000000086600000|100%| O|  |TAMS 0x0000000086600000, 0x0000000086500000| Untracked 
| 102|0x0000000086600000, 0x0000000086700000, 0x0000000086700000|100%| O|  |TAMS 0x0000000086700000, 0x0000000086600000| Untracked 
| 103|0x0000000086700000, 0x0000000086800000, 0x0000000086800000|100%| O|  |TAMS 0x0000000086800000, 0x0000000086700000| Untracked 
| 104|0x0000000086800000, 0x0000000086900000, 0x0000000086900000|100%| O|  |TAMS 0x0000000086900000, 0x0000000086800000| Untracked 
| 105|0x0000000086900000, 0x0000000086a00000, 0x0000000086a00000|100%| O|  |TAMS 0x0000000086a00000, 0x0000000086900000| Complete 
| 106|0x0000000086a00000, 0x0000000086b00000, 0x0000000086b00000|100%| O|  |TAMS 0x0000000086b00000, 0x0000000086a00000| Untracked 
| 107|0x0000000086b00000, 0x0000000086c00000, 0x0000000086c00000|100%| O|  |TAMS 0x0000000086c00000, 0x0000000086b00000| Untracked 
| 108|0x0000000086c00000, 0x0000000086d00000, 0x0000000086d00000|100%| O|  |TAMS 0x0000000086d00000, 0x0000000086c00000| Untracked 
| 109|0x0000000086d00000, 0x0000000086e00000, 0x0000000086e00000|100%| O|  |TAMS 0x0000000086e00000, 0x0000000086d00000| Complete 
| 110|0x0000000086e00000, 0x0000000086e00000, 0x0000000086f00000|  0%| F|  |TAMS 0x0000000086e00000, 0x0000000086e00000| Untracked 
| 111|0x0000000086f00000, 0x0000000086f00000, 0x0000000087000000|  0%| F|  |TAMS 0x0000000086f00000, 0x0000000086f00000| Untracked 
| 112|0x0000000087000000, 0x0000000087000000, 0x0000000087100000|  0%| F|  |TAMS 0x0000000087000000, 0x0000000087000000| Untracked 
| 113|0x0000000087100000, 0x0000000087100000, 0x0000000087200000|  0%| F|  |TAMS 0x0000000087100000, 0x0000000087100000| Untracked 
| 114|0x0000000087200000, 0x0000000087300000, 0x0000000087300000|100%| O|  |TAMS 0x0000000087300000, 0x0000000087200000| Complete 
| 115|0x0000000087300000, 0x0000000087400000, 0x0000000087400000|100%| O|  |TAMS 0x0000000087400000, 0x0000000087300000| Untracked 
| 116|0x0000000087400000, 0x0000000087500000, 0x0000000087500000|100%| O|  |TAMS 0x0000000087500000, 0x0000000087400000| Untracked 
| 117|0x0000000087500000, 0x0000000087600000, 0x0000000087600000|100%| O|  |TAMS 0x0000000087600000, 0x0000000087500000| Untracked 
| 118|0x0000000087600000, 0x0000000087700000, 0x0000000087700000|100%| O|  |TAMS 0x0000000087700000, 0x0000000087600000| Complete 
| 119|0x0000000087700000, 0x0000000087800000, 0x0000000087800000|100%| O|  |TAMS 0x0000000087800000, 0x0000000087700000| Untracked 
| 120|0x0000000087800000, 0x0000000087900000, 0x0000000087900000|100%| O|  |TAMS 0x0000000087900000, 0x0000000087800000| Untracked 
| 121|0x0000000087900000, 0x0000000087a00000, 0x0000000087a00000|100%| O|  |TAMS 0x0000000087a00000, 0x0000000087900000| Complete 
| 122|0x0000000087a00000, 0x0000000087b00000, 0x0000000087b00000|100%| O|  |TAMS 0x0000000087b00000, 0x0000000087a00000| Untracked 
| 123|0x0000000087b00000, 0x0000000087c00000, 0x0000000087c00000|100%| O|  |TAMS 0x0000000087c00000, 0x0000000087b00000| Untracked 
| 124|0x0000000087c00000, 0x0000000087d00000, 0x0000000087d00000|100%| O|  |TAMS 0x0000000087d00000, 0x0000000087c00000| Untracked 
| 125|0x0000000087d00000, 0x0000000087e00000, 0x0000000087e00000|100%| O|  |TAMS 0x0000000087e00000, 0x0000000087d00000| Untracked 
| 126|0x0000000087e00000, 0x0000000087f00000, 0x0000000087f00000|100%| O|  |TAMS 0x0000000087f00000, 0x0000000087e00000| Complete 
| 127|0x0000000087f00000, 0x0000000087f00000, 0x0000000088000000|  0%| F|  |TAMS 0x0000000087f00000, 0x0000000087f00000| Untracked 
| 128|0x0000000088000000, 0x0000000088000000, 0x0000000088100000|  0%| F|  |TAMS 0x0000000088000000, 0x0000000088000000| Untracked 
| 129|0x0000000088100000, 0x0000000088200000, 0x0000000088200000|100%| O|  |TAMS 0x0000000088200000, 0x0000000088100000| Complete 
| 130|0x0000000088200000, 0x0000000088300000, 0x0000000088300000|100%| O|  |TAMS 0x0000000088300000, 0x0000000088200000| Complete 
| 131|0x0000000088300000, 0x0000000088300000, 0x0000000088400000|  0%| F|  |TAMS 0x0000000088300000, 0x0000000088300000| Untracked 
| 132|0x0000000088400000, 0x0000000088400000, 0x0000000088500000|  0%| F|  |TAMS 0x0000000088400000, 0x0000000088400000| Untracked 
| 133|0x0000000088500000, 0x0000000088500000, 0x0000000088600000|  0%| F|  |TAMS 0x0000000088500000, 0x0000000088500000| Untracked 
| 134|0x0000000088600000, 0x0000000088600000, 0x0000000088700000|  0%| F|  |TAMS 0x0000000088600000, 0x0000000088600000| Untracked 
| 135|0x0000000088700000, 0x0000000088700000, 0x0000000088800000|  0%| F|  |TAMS 0x0000000088700000, 0x0000000088700000| Untracked 
| 136|0x0000000088800000, 0x0000000088900000, 0x0000000088900000|100%| O|  |TAMS 0x0000000088900000, 0x0000000088800000| Complete 
| 137|0x0000000088900000, 0x0000000088900000, 0x0000000088a00000|  0%| F|  |TAMS 0x0000000088900000, 0x0000000088900000| Untracked 
| 138|0x0000000088a00000, 0x0000000088b00000, 0x0000000088b00000|100%| O|  |TAMS 0x0000000088b00000, 0x0000000088a00000| Complete 
| 139|0x0000000088b00000, 0x0000000088c00000, 0x0000000088c00000|100%| O|  |TAMS 0x0000000088c00000, 0x0000000088b00000| Untracked 
| 140|0x0000000088c00000, 0x0000000088d00000, 0x0000000088d00000|100%| O|  |TAMS 0x0000000088d00000, 0x0000000088c00000| Complete 
| 141|0x0000000088d00000, 0x0000000088e00000, 0x0000000088e00000|100%| O|  |TAMS 0x0000000088e00000, 0x0000000088d00000| Complete 
| 142|0x0000000088e00000, 0x0000000088e00000, 0x0000000088f00000|  0%| F|  |TAMS 0x0000000088e00000, 0x0000000088e00000| Untracked 
| 143|0x0000000088f00000, 0x0000000088f00000, 0x0000000089000000|  0%| F|  |TAMS 0x0000000088f00000, 0x0000000088f00000| Untracked 
| 144|0x0000000089000000, 0x0000000089000000, 0x0000000089100000|  0%| F|  |TAMS 0x0000000089000000, 0x0000000089000000| Untracked 
| 145|0x0000000089100000, 0x0000000089100000, 0x0000000089200000|  0%| F|  |TAMS 0x0000000089100000, 0x0000000089100000| Untracked 
| 146|0x0000000089200000, 0x0000000089200000, 0x0000000089300000|  0%| F|  |TAMS 0x0000000089200000, 0x0000000089200000| Untracked 
| 147|0x0000000089300000, 0x0000000089300000, 0x0000000089400000|  0%| F|  |TAMS 0x0000000089300000, 0x0000000089300000| Untracked 
| 148|0x0000000089400000, 0x0000000089400000, 0x0000000089500000|  0%| F|  |TAMS 0x0000000089400000, 0x0000000089400000| Untracked 
| 149|0x0000000089500000, 0x0000000089500000, 0x0000000089600000|  0%| F|  |TAMS 0x0000000089500000, 0x0000000089500000| Untracked 
| 150|0x0000000089600000, 0x0000000089600000, 0x0000000089700000|  0%| F|  |TAMS 0x0000000089600000, 0x0000000089600000| Untracked 
| 151|0x0000000089700000, 0x0000000089700000, 0x0000000089800000|  0%| F|  |TAMS 0x0000000089700000, 0x0000000089700000| Untracked 
| 152|0x0000000089800000, 0x0000000089800000, 0x0000000089900000|  0%| F|  |TAMS 0x0000000089800000, 0x0000000089800000| Untracked 
| 153|0x0000000089900000, 0x0000000089900000, 0x0000000089a00000|  0%| F|  |TAMS 0x0000000089900000, 0x0000000089900000| Untracked 
| 154|0x0000000089a00000, 0x0000000089a00000, 0x0000000089b00000|  0%| F|  |TAMS 0x0000000089a00000, 0x0000000089a00000| Untracked 
| 155|0x0000000089b00000, 0x0000000089b00000, 0x0000000089c00000|  0%| F|  |TAMS 0x0000000089b00000, 0x0000000089b00000| Untracked 
| 156|0x0000000089c00000, 0x0000000089c00000, 0x0000000089d00000|  0%| F|  |TAMS 0x0000000089c00000, 0x0000000089c00000| Untracked 
| 157|0x0000000089d00000, 0x0000000089d00000, 0x0000000089e00000|  0%| F|  |TAMS 0x0000000089d00000, 0x0000000089d00000| Untracked 
| 158|0x0000000089e00000, 0x0000000089e00000, 0x0000000089f00000|  0%| F|  |TAMS 0x0000000089e00000, 0x0000000089e00000| Untracked 
| 159|0x0000000089f00000, 0x0000000089f00000, 0x000000008a000000|  0%| F|  |TAMS 0x0000000089f00000, 0x0000000089f00000| Untracked 
| 160|0x000000008a000000, 0x000000008a000000, 0x000000008a100000|  0%| F|  |TAMS 0x000000008a000000, 0x000000008a000000| Untracked 
| 161|0x000000008a100000, 0x000000008a100000, 0x000000008a200000|  0%| F|  |TAMS 0x000000008a100000, 0x000000008a100000| Untracked 
| 162|0x000000008a200000, 0x000000008a200000, 0x000000008a300000|  0%| F|  |TAMS 0x000000008a200000, 0x000000008a200000| Untracked 
| 163|0x000000008a300000, 0x000000008a300000, 0x000000008a400000|  0%| F|  |TAMS 0x000000008a300000, 0x000000008a300000| Untracked 
| 164|0x000000008a400000, 0x000000008a400000, 0x000000008a500000|  0%| F|  |TAMS 0x000000008a400000, 0x000000008a400000| Untracked 
| 165|0x000000008a500000, 0x000000008a500000, 0x000000008a600000|  0%| F|  |TAMS 0x000000008a500000, 0x000000008a500000| Untracked 
| 166|0x000000008a600000, 0x000000008a600000, 0x000000008a700000|  0%| F|  |TAMS 0x000000008a600000, 0x000000008a600000| Untracked 
| 167|0x000000008a700000, 0x000000008a700000, 0x000000008a800000|  0%| F|  |TAMS 0x000000008a700000, 0x000000008a700000| Untracked 
| 168|0x000000008a800000, 0x000000008a800000, 0x000000008a900000|  0%| F|  |TAMS 0x000000008a800000, 0x000000008a800000| Untracked 
| 169|0x000000008a900000, 0x000000008a900000, 0x000000008aa00000|  0%| F|  |TAMS 0x000000008a900000, 0x000000008a900000| Untracked 
| 170|0x000000008aa00000, 0x000000008aa00000, 0x000000008ab00000|  0%| F|  |TAMS 0x000000008aa00000, 0x000000008aa00000| Untracked 
| 171|0x000000008ab00000, 0x000000008ab00000, 0x000000008ac00000|  0%| F|  |TAMS 0x000000008ab00000, 0x000000008ab00000| Untracked 
| 172|0x000000008ac00000, 0x000000008ac00000, 0x000000008ad00000|  0%| F|  |TAMS 0x000000008ac00000, 0x000000008ac00000| Untracked 
| 173|0x000000008ad00000, 0x000000008ad00000, 0x000000008ae00000|  0%| F|  |TAMS 0x000000008ad00000, 0x000000008ad00000| Untracked 
| 174|0x000000008ae00000, 0x000000008ae00000, 0x000000008af00000|  0%| F|  |TAMS 0x000000008ae00000, 0x000000008ae00000| Untracked 
| 175|0x000000008af00000, 0x000000008af00000, 0x000000008b000000|  0%| F|  |TAMS 0x000000008af00000, 0x000000008af00000| Untracked 
| 176|0x000000008b000000, 0x000000008b000000, 0x000000008b100000|  0%| F|  |TAMS 0x000000008b000000, 0x000000008b000000| Untracked 
| 177|0x000000008b100000, 0x000000008b100000, 0x000000008b200000|  0%| F|  |TAMS 0x000000008b100000, 0x000000008b100000| Untracked 
| 178|0x000000008b200000, 0x000000008b200000, 0x000000008b300000|  0%| F|  |TAMS 0x000000008b200000, 0x000000008b200000| Untracked 
| 179|0x000000008b300000, 0x000000008b300000, 0x000000008b400000|  0%| F|  |TAMS 0x000000008b300000, 0x000000008b300000| Untracked 
| 180|0x000000008b400000, 0x000000008b400000, 0x000000008b500000|  0%| F|  |TAMS 0x000000008b400000, 0x000000008b400000| Untracked 
| 181|0x000000008b500000, 0x000000008b500000, 0x000000008b600000|  0%| F|  |TAMS 0x000000008b500000, 0x000000008b500000| Untracked 
| 182|0x000000008b600000, 0x000000008b600000, 0x000000008b700000|  0%| F|  |TAMS 0x000000008b600000, 0x000000008b600000| Untracked 
| 183|0x000000008b700000, 0x000000008b700000, 0x000000008b800000|  0%| F|  |TAMS 0x000000008b700000, 0x000000008b700000| Untracked 
| 184|0x000000008b800000, 0x000000008b800000, 0x000000008b900000|  0%| F|  |TAMS 0x000000008b800000, 0x000000008b800000| Untracked 
| 185|0x000000008b900000, 0x000000008b900000, 0x000000008ba00000|  0%| F|  |TAMS 0x000000008b900000, 0x000000008b900000| Untracked 
| 186|0x000000008ba00000, 0x000000008ba00000, 0x000000008bb00000|  0%| F|  |TAMS 0x000000008ba00000, 0x000000008ba00000| Untracked 
| 187|0x000000008bb00000, 0x000000008bb00000, 0x000000008bc00000|  0%| F|  |TAMS 0x000000008bb00000, 0x000000008bb00000| Untracked 
| 188|0x000000008bc00000, 0x000000008bc00000, 0x000000008bd00000|  0%| F|  |TAMS 0x000000008bc00000, 0x000000008bc00000| Untracked 
| 189|0x000000008bd00000, 0x000000008bd00000, 0x000000008be00000|  0%| F|  |TAMS 0x000000008bd00000, 0x000000008bd00000| Untracked 
| 190|0x000000008be00000, 0x000000008be00000, 0x000000008bf00000|  0%| F|  |TAMS 0x000000008be00000, 0x000000008be00000| Untracked 
| 191|0x000000008bf00000, 0x000000008bf00000, 0x000000008c000000|  0%| F|  |TAMS 0x000000008bf00000, 0x000000008bf00000| Untracked 
| 192|0x000000008c000000, 0x000000008c000000, 0x000000008c100000|  0%| F|  |TAMS 0x000000008c000000, 0x000000008c000000| Untracked 
| 193|0x000000008c100000, 0x000000008c100000, 0x000000008c200000|  0%| F|  |TAMS 0x000000008c100000, 0x000000008c100000| Untracked 
| 194|0x000000008c200000, 0x000000008c200000, 0x000000008c300000|  0%| F|  |TAMS 0x000000008c200000, 0x000000008c200000| Untracked 
| 195|0x000000008c300000, 0x000000008c300000, 0x000000008c400000|  0%| F|  |TAMS 0x000000008c300000, 0x000000008c300000| Untracked 
| 196|0x000000008c400000, 0x000000008c400000, 0x000000008c500000|  0%| F|  |TAMS 0x000000008c400000, 0x000000008c400000| Untracked 
| 197|0x000000008c500000, 0x000000008c500000, 0x000000008c600000|  0%| F|  |TAMS 0x000000008c500000, 0x000000008c500000| Untracked 
| 198|0x000000008c600000, 0x000000008c600000, 0x000000008c700000|  0%| F|  |TAMS 0x000000008c600000, 0x000000008c600000| Untracked 
| 199|0x000000008c700000, 0x000000008c700000, 0x000000008c800000|  0%| F|  |TAMS 0x000000008c700000, 0x000000008c700000| Untracked 
| 200|0x000000008c800000, 0x000000008c800000, 0x000000008c900000|  0%| F|  |TAMS 0x000000008c800000, 0x000000008c800000| Untracked 
| 201|0x000000008c900000, 0x000000008c900000, 0x000000008ca00000|  0%| F|  |TAMS 0x000000008c900000, 0x000000008c900000| Untracked 
| 202|0x000000008ca00000, 0x000000008ca00000, 0x000000008cb00000|  0%| F|  |TAMS 0x000000008ca00000, 0x000000008ca00000| Untracked 
| 203|0x000000008cb00000, 0x000000008cb00000, 0x000000008cc00000|  0%| F|  |TAMS 0x000000008cb00000, 0x000000008cb00000| Untracked 
| 204|0x000000008cc00000, 0x000000008cc00000, 0x000000008cd00000|  0%| F|  |TAMS 0x000000008cc00000, 0x000000008cc00000| Untracked 
| 205|0x000000008cd00000, 0x000000008cd00000, 0x000000008ce00000|  0%| F|  |TAMS 0x000000008cd00000, 0x000000008cd00000| Untracked 
| 206|0x000000008ce00000, 0x000000008ce00000, 0x000000008cf00000|  0%| F|  |TAMS 0x000000008ce00000, 0x000000008ce00000| Untracked 
| 207|0x000000008cf00000, 0x000000008cf00000, 0x000000008d000000|  0%| F|  |TAMS 0x000000008cf00000, 0x000000008cf00000| Untracked 
| 208|0x000000008d000000, 0x000000008d000000, 0x000000008d100000|  0%| F|  |TAMS 0x000000008d000000, 0x000000008d000000| Untracked 
| 209|0x000000008d100000, 0x000000008d100000, 0x000000008d200000|  0%| F|  |TAMS 0x000000008d100000, 0x000000008d100000| Untracked 
| 210|0x000000008d200000, 0x000000008d200000, 0x000000008d300000|  0%| F|  |TAMS 0x000000008d200000, 0x000000008d200000| Untracked 
| 211|0x000000008d300000, 0x000000008d300000, 0x000000008d400000|  0%| F|  |TAMS 0x000000008d300000, 0x000000008d300000| Untracked 
| 212|0x000000008d400000, 0x000000008d400000, 0x000000008d500000|  0%| F|  |TAMS 0x000000008d400000, 0x000000008d400000| Untracked 
| 213|0x000000008d500000, 0x000000008d500000, 0x000000008d600000|  0%| F|  |TAMS 0x000000008d500000, 0x000000008d500000| Untracked 
| 214|0x000000008d600000, 0x000000008d600000, 0x000000008d700000|  0%| F|  |TAMS 0x000000008d600000, 0x000000008d600000| Untracked 
| 215|0x000000008d700000, 0x000000008d700000, 0x000000008d800000|  0%| F|  |TAMS 0x000000008d700000, 0x000000008d700000| Untracked 
| 216|0x000000008d800000, 0x000000008d800000, 0x000000008d900000|  0%| F|  |TAMS 0x000000008d800000, 0x000000008d800000| Untracked 
| 217|0x000000008d900000, 0x000000008d900000, 0x000000008da00000|  0%| F|  |TAMS 0x000000008d900000, 0x000000008d900000| Untracked 
| 218|0x000000008da00000, 0x000000008da00000, 0x000000008db00000|  0%| F|  |TAMS 0x000000008da00000, 0x000000008da00000| Untracked 
| 219|0x000000008db00000, 0x000000008db00000, 0x000000008dc00000|  0%| F|  |TAMS 0x000000008db00000, 0x000000008db00000| Untracked 
| 220|0x000000008dc00000, 0x000000008dc00000, 0x000000008dd00000|  0%| F|  |TAMS 0x000000008dc00000, 0x000000008dc00000| Untracked 
| 221|0x000000008dd00000, 0x000000008dd00000, 0x000000008de00000|  0%| F|  |TAMS 0x000000008dd00000, 0x000000008dd00000| Untracked 
| 222|0x000000008de00000, 0x000000008de00000, 0x000000008df00000|  0%| F|  |TAMS 0x000000008de00000, 0x000000008de00000| Untracked 
| 223|0x000000008df00000, 0x000000008df00000, 0x000000008e000000|  0%| F|  |TAMS 0x000000008df00000, 0x000000008df00000| Untracked 
| 224|0x000000008e000000, 0x000000008e000000, 0x000000008e100000|  0%| F|  |TAMS 0x000000008e000000, 0x000000008e000000| Untracked 
| 225|0x000000008e100000, 0x000000008e100000, 0x000000008e200000|  0%| F|  |TAMS 0x000000008e100000, 0x000000008e100000| Untracked 
| 226|0x000000008e200000, 0x000000008e251610, 0x000000008e300000| 31%| S|CS|TAMS 0x000000008e200000, 0x000000008e200000| Complete 
| 227|0x000000008e300000, 0x000000008e400000, 0x000000008e400000|100%| S|CS|TAMS 0x000000008e300000, 0x000000008e300000| Complete 
| 228|0x000000008e400000, 0x000000008e400000, 0x000000008e500000|  0%| F|  |TAMS 0x000000008e400000, 0x000000008e400000| Untracked 
| 229|0x000000008e500000, 0x000000008e500000, 0x000000008e600000|  0%| F|  |TAMS 0x000000008e500000, 0x000000008e500000| Untracked 
| 230|0x000000008e600000, 0x000000008e600000, 0x000000008e700000|  0%| F|  |TAMS 0x000000008e600000, 0x000000008e600000| Untracked 
| 231|0x000000008e700000, 0x000000008e700000, 0x000000008e800000|  0%| F|  |TAMS 0x000000008e700000, 0x000000008e700000| Untracked 
| 232|0x000000008e800000, 0x000000008e800000, 0x000000008e900000|  0%| F|  |TAMS 0x000000008e800000, 0x000000008e800000| Untracked 
| 233|0x000000008e900000, 0x000000008e900000, 0x000000008ea00000|  0%| F|  |TAMS 0x000000008e900000, 0x000000008e900000| Untracked 
| 234|0x000000008ea00000, 0x000000008ea00000, 0x000000008eb00000|  0%| F|  |TAMS 0x000000008ea00000, 0x000000008ea00000| Untracked 
| 235|0x000000008eb00000, 0x000000008eb00000, 0x000000008ec00000|  0%| F|  |TAMS 0x000000008eb00000, 0x000000008eb00000| Untracked 
| 236|0x000000008ec00000, 0x000000008ec00000, 0x000000008ed00000|  0%| F|  |TAMS 0x000000008ec00000, 0x000000008ec00000| Untracked 
| 237|0x000000008ed00000, 0x000000008ed00000, 0x000000008ee00000|  0%| F|  |TAMS 0x000000008ed00000, 0x000000008ed00000| Untracked 
| 238|0x000000008ee00000, 0x000000008ee00000, 0x000000008ef00000|  0%| F|  |TAMS 0x000000008ee00000, 0x000000008ee00000| Untracked 
| 239|0x000000008ef00000, 0x000000008ef00000, 0x000000008f000000|  0%| F|  |TAMS 0x000000008ef00000, 0x000000008ef00000| Untracked 
| 240|0x000000008f000000, 0x000000008f000000, 0x000000008f100000|  0%| F|  |TAMS 0x000000008f000000, 0x000000008f000000| Untracked 
| 241|0x000000008f100000, 0x000000008f100000, 0x000000008f200000|  0%| F|  |TAMS 0x000000008f100000, 0x000000008f100000| Untracked 
| 242|0x000000008f200000, 0x000000008f200000, 0x000000008f300000|  0%| F|  |TAMS 0x000000008f200000, 0x000000008f200000| Untracked 
| 243|0x000000008f300000, 0x000000008f300000, 0x000000008f400000|  0%| F|  |TAMS 0x000000008f300000, 0x000000008f300000| Untracked 
| 244|0x000000008f400000, 0x000000008f400000, 0x000000008f500000|  0%| F|  |TAMS 0x000000008f400000, 0x000000008f400000| Untracked 
| 245|0x000000008f500000, 0x000000008f500000, 0x000000008f600000|  0%| F|  |TAMS 0x000000008f500000, 0x000000008f500000| Untracked 
| 246|0x000000008f600000, 0x000000008f600000, 0x000000008f700000|  0%| F|  |TAMS 0x000000008f600000, 0x000000008f600000| Untracked 
| 247|0x000000008f700000, 0x000000008f700000, 0x000000008f800000|  0%| F|  |TAMS 0x000000008f700000, 0x000000008f700000| Untracked 
| 248|0x000000008f800000, 0x000000008f800000, 0x000000008f900000|  0%| F|  |TAMS 0x000000008f800000, 0x000000008f800000| Untracked 
| 249|0x000000008f900000, 0x000000008f900000, 0x000000008fa00000|  0%| F|  |TAMS 0x000000008f900000, 0x000000008f900000| Untracked 
| 250|0x000000008fa00000, 0x000000008fa00000, 0x000000008fb00000|  0%| F|  |TAMS 0x000000008fa00000, 0x000000008fa00000| Untracked 
| 251|0x000000008fb00000, 0x000000008fb00000, 0x000000008fc00000|  0%| F|  |TAMS 0x000000008fb00000, 0x000000008fb00000| Untracked 
| 252|0x000000008fc00000, 0x000000008fc00000, 0x000000008fd00000|  0%| F|  |TAMS 0x000000008fc00000, 0x000000008fc00000| Untracked 
| 253|0x000000008fd00000, 0x000000008fd00000, 0x000000008fe00000|  0%| F|  |TAMS 0x000000008fd00000, 0x000000008fd00000| Untracked 
| 254|0x000000008fe00000, 0x000000008fe00000, 0x000000008ff00000|  0%| F|  |TAMS 0x000000008fe00000, 0x000000008fe00000| Untracked 
| 255|0x000000008ff00000, 0x000000008ff00000, 0x0000000090000000|  0%| F|  |TAMS 0x000000008ff00000, 0x000000008ff00000| Untracked 
| 256|0x0000000090000000, 0x0000000090000000, 0x0000000090100000|  0%| F|  |TAMS 0x0000000090000000, 0x0000000090000000| Untracked 
| 257|0x0000000090100000, 0x0000000090100000, 0x0000000090200000|  0%| F|  |TAMS 0x0000000090100000, 0x0000000090100000| Untracked 
| 258|0x0000000090200000, 0x0000000090200000, 0x0000000090300000|  0%| F|  |TAMS 0x0000000090200000, 0x0000000090200000| Untracked 
| 259|0x0000000090300000, 0x0000000090300000, 0x0000000090400000|  0%| F|  |TAMS 0x0000000090300000, 0x0000000090300000| Untracked 
| 260|0x0000000090400000, 0x0000000090400000, 0x0000000090500000|  0%| F|  |TAMS 0x0000000090400000, 0x0000000090400000| Untracked 
| 261|0x0000000090500000, 0x0000000090500000, 0x0000000090600000|  0%| F|  |TAMS 0x0000000090500000, 0x0000000090500000| Untracked 
| 262|0x0000000090600000, 0x0000000090600000, 0x0000000090700000|  0%| F|  |TAMS 0x0000000090600000, 0x0000000090600000| Untracked 
| 263|0x0000000090700000, 0x0000000090700000, 0x0000000090800000|  0%| F|  |TAMS 0x0000000090700000, 0x0000000090700000| Untracked 
| 264|0x0000000090800000, 0x0000000090800000, 0x0000000090900000|  0%| F|  |TAMS 0x0000000090800000, 0x0000000090800000| Untracked 
| 265|0x0000000090900000, 0x0000000090900000, 0x0000000090a00000|  0%| F|  |TAMS 0x0000000090900000, 0x0000000090900000| Untracked 
| 266|0x0000000090a00000, 0x0000000090a00000, 0x0000000090b00000|  0%| F|  |TAMS 0x0000000090a00000, 0x0000000090a00000| Untracked 
| 267|0x0000000090b00000, 0x0000000090b00000, 0x0000000090c00000|  0%| F|  |TAMS 0x0000000090b00000, 0x0000000090b00000| Untracked 
| 268|0x0000000090c00000, 0x0000000090c00000, 0x0000000090d00000|  0%| F|  |TAMS 0x0000000090c00000, 0x0000000090c00000| Untracked 
| 269|0x0000000090d00000, 0x0000000090d00000, 0x0000000090e00000|  0%| F|  |TAMS 0x0000000090d00000, 0x0000000090d00000| Untracked 
| 270|0x0000000090e00000, 0x0000000090e00000, 0x0000000090f00000|  0%| F|  |TAMS 0x0000000090e00000, 0x0000000090e00000| Untracked 
| 271|0x0000000090f00000, 0x0000000090f00000, 0x0000000091000000|  0%| F|  |TAMS 0x0000000090f00000, 0x0000000090f00000| Untracked 
| 272|0x0000000091000000, 0x0000000091000000, 0x0000000091100000|  0%| F|  |TAMS 0x0000000091000000, 0x0000000091000000| Untracked 
| 273|0x0000000091100000, 0x0000000091100000, 0x0000000091200000|  0%| F|  |TAMS 0x0000000091100000, 0x0000000091100000| Untracked 
| 274|0x0000000091200000, 0x0000000091200000, 0x0000000091300000|  0%| F|  |TAMS 0x0000000091200000, 0x0000000091200000| Untracked 
| 275|0x0000000091300000, 0x0000000091300000, 0x0000000091400000|  0%| F|  |TAMS 0x0000000091300000, 0x0000000091300000| Untracked 
| 276|0x0000000091400000, 0x0000000091400000, 0x0000000091500000|  0%| F|  |TAMS 0x0000000091400000, 0x0000000091400000| Untracked 
| 277|0x0000000091500000, 0x0000000091500000, 0x0000000091600000|  0%| F|  |TAMS 0x0000000091500000, 0x0000000091500000| Untracked 
| 278|0x0000000091600000, 0x0000000091600000, 0x0000000091700000|  0%| F|  |TAMS 0x0000000091600000, 0x0000000091600000| Untracked 
| 279|0x0000000091700000, 0x0000000091700000, 0x0000000091800000|  0%| F|  |TAMS 0x0000000091700000, 0x0000000091700000| Untracked 
| 280|0x0000000091800000, 0x0000000091800000, 0x0000000091900000|  0%| F|  |TAMS 0x0000000091800000, 0x0000000091800000| Untracked 
| 281|0x0000000091900000, 0x0000000091900000, 0x0000000091a00000|  0%| F|  |TAMS 0x0000000091900000, 0x0000000091900000| Untracked 
| 282|0x0000000091a00000, 0x0000000091a00000, 0x0000000091b00000|  0%| F|  |TAMS 0x0000000091a00000, 0x0000000091a00000| Untracked 
| 283|0x0000000091b00000, 0x0000000091b00000, 0x0000000091c00000|  0%| F|  |TAMS 0x0000000091b00000, 0x0000000091b00000| Untracked 
| 284|0x0000000091c00000, 0x0000000091c00000, 0x0000000091d00000|  0%| F|  |TAMS 0x0000000091c00000, 0x0000000091c00000| Untracked 
| 285|0x0000000091d00000, 0x0000000091d00000, 0x0000000091e00000|  0%| F|  |TAMS 0x0000000091d00000, 0x0000000091d00000| Untracked 
| 286|0x0000000091e00000, 0x0000000091e00000, 0x0000000091f00000|  0%| F|  |TAMS 0x0000000091e00000, 0x0000000091e00000| Untracked 
| 287|0x0000000091f00000, 0x0000000091f00000, 0x0000000092000000|  0%| F|  |TAMS 0x0000000091f00000, 0x0000000091f00000| Untracked 
| 288|0x0000000092000000, 0x0000000092000000, 0x0000000092100000|  0%| F|  |TAMS 0x0000000092000000, 0x0000000092000000| Untracked 
| 289|0x0000000092100000, 0x0000000092100000, 0x0000000092200000|  0%| F|  |TAMS 0x0000000092100000, 0x0000000092100000| Untracked 
| 290|0x0000000092200000, 0x0000000092200000, 0x0000000092300000|  0%| F|  |TAMS 0x0000000092200000, 0x0000000092200000| Untracked 
| 291|0x0000000092300000, 0x0000000092300000, 0x0000000092400000|  0%| F|  |TAMS 0x0000000092300000, 0x0000000092300000| Untracked 
| 292|0x0000000092400000, 0x0000000092400000, 0x0000000092500000|  0%| F|  |TAMS 0x0000000092400000, 0x0000000092400000| Untracked 
| 293|0x0000000092500000, 0x0000000092500000, 0x0000000092600000|  0%| F|  |TAMS 0x0000000092500000, 0x0000000092500000| Untracked 
| 294|0x0000000092600000, 0x0000000092600000, 0x0000000092700000|  0%| F|  |TAMS 0x0000000092600000, 0x0000000092600000| Untracked 
| 295|0x0000000092700000, 0x0000000092700000, 0x0000000092800000|  0%| F|  |TAMS 0x0000000092700000, 0x0000000092700000| Untracked 
| 296|0x0000000092800000, 0x0000000092800000, 0x0000000092900000|  0%| F|  |TAMS 0x0000000092800000, 0x0000000092800000| Untracked 
| 297|0x0000000092900000, 0x0000000092900000, 0x0000000092a00000|  0%| F|  |TAMS 0x0000000092900000, 0x0000000092900000| Untracked 
| 298|0x0000000092a00000, 0x0000000092a00000, 0x0000000092b00000|  0%| F|  |TAMS 0x0000000092a00000, 0x0000000092a00000| Untracked 
| 299|0x0000000092b00000, 0x0000000092b00000, 0x0000000092c00000|  0%| F|  |TAMS 0x0000000092b00000, 0x0000000092b00000| Untracked 
| 300|0x0000000092c00000, 0x0000000092c00000, 0x0000000092d00000|  0%| F|  |TAMS 0x0000000092c00000, 0x0000000092c00000| Untracked 
| 301|0x0000000092d00000, 0x0000000092d00000, 0x0000000092e00000|  0%| F|  |TAMS 0x0000000092d00000, 0x0000000092d00000| Untracked 
| 302|0x0000000092e00000, 0x0000000092e00000, 0x0000000092f00000|  0%| F|  |TAMS 0x0000000092e00000, 0x0000000092e00000| Untracked 
| 303|0x0000000092f00000, 0x0000000092f85da8, 0x0000000093000000| 52%| E|  |TAMS 0x0000000092f00000, 0x0000000092f00000| Complete 
| 304|0x0000000093000000, 0x0000000093100000, 0x0000000093100000|100%| E|CS|TAMS 0x0000000093000000, 0x0000000093000000| Complete 
| 305|0x0000000093100000, 0x0000000093200000, 0x0000000093200000|100%| E|CS|TAMS 0x0000000093100000, 0x0000000093100000| Complete 
| 306|0x0000000093200000, 0x0000000093300000, 0x0000000093300000|100%| E|CS|TAMS 0x0000000093200000, 0x0000000093200000| Complete 
| 307|0x0000000093300000, 0x0000000093400000, 0x0000000093400000|100%| E|  |TAMS 0x0000000093300000, 0x0000000093300000| Complete 
| 308|0x0000000093400000, 0x0000000093500000, 0x0000000093500000|100%| E|CS|TAMS 0x0000000093400000, 0x0000000093400000| Complete 
| 309|0x0000000093500000, 0x0000000093600000, 0x0000000093600000|100%| E|CS|TAMS 0x0000000093500000, 0x0000000093500000| Complete 
| 310|0x0000000093600000, 0x0000000093700000, 0x0000000093700000|100%| E|CS|TAMS 0x0000000093600000, 0x0000000093600000| Complete 
| 311|0x0000000093700000, 0x0000000093800000, 0x0000000093800000|100%| E|CS|TAMS 0x0000000093700000, 0x0000000093700000| Complete 
| 312|0x0000000093800000, 0x0000000093900000, 0x0000000093900000|100%| E|CS|TAMS 0x0000000093800000, 0x0000000093800000| Complete 
| 313|0x0000000093900000, 0x0000000093a00000, 0x0000000093a00000|100%| E|CS|TAMS 0x0000000093900000, 0x0000000093900000| Complete 

Card table byte_map: [0x000002b9dc8f0000,0x000002b9dccf0000] _byte_map_base: 0x000002b9dc4f0000

Marking Bits (Prev, Next): (CMBitMap*) 0x000002b9c7e4a5c8, (CMBitMap*) 0x000002b9c7e4a600
 Prev Bits: [0x000002b9dd0f0000, 0x000002b9df0f0000)
 Next Bits: [0x000002b9df0f0000, 0x000002b9e10f0000)

Polling page: 0x000002b9c7c50000

Metaspace:

Usage:
  Non-class:    105.49 MB capacity,   103.50 MB ( 98%) used,     1.61 MB (  2%) free+waste,   397.81 KB ( <1%) overhead. 
      Class:     16.36 MB capacity,    15.16 MB ( 93%) used,     1.02 MB (  6%) free+waste,   178.25 KB (  1%) overhead. 
       Both:    121.85 MB capacity,   118.65 MB ( 97%) used,     2.63 MB (  2%) free+waste,   576.06 KB ( <1%) overhead. 

Virtual space:
  Non-class space:      108.00 MB reserved,     106.05 MB ( 98%) committed 
      Class space:        1.00 GB reserved,      16.63 MB (  2%) committed 
             Both:        1.11 GB reserved,     122.67 MB ( 11%) committed 

Chunk freelists:
   Non-Class:  567.00 KB
       Class:  211.00 KB
        Both:  778.00 KB

MaxMetaspaceSize: 17179869184.00 GB
CompressedClassSpaceSize: 1.00 GB

CodeHeap 'non-profiled nmethods': size=120064Kb used=11700Kb max_used=11700Kb free=108363Kb
 bounds [0x000002b9d4bb0000, 0x000002b9d5720000, 0x000002b9dc0f0000]
CodeHeap 'profiled nmethods': size=120000Kb used=40172Kb max_used=40172Kb free=79828Kb
 bounds [0x000002b9cd680000, 0x000002b9cfdd0000, 0x000002b9d4bb0000]
CodeHeap 'non-nmethods': size=5696Kb used=2374Kb max_used=2411Kb free=3321Kb
 bounds [0x000002b9cd0f0000, 0x000002b9cd360000, 0x000002b9cd680000]
 total_blobs=19101 nmethods=18089 adapters=923
 compilation: enabled
              stopped_count=0, restarted_count=0
 full_count=0

Compilation events (20 events):
Event: 5519.660 Thread 0x000002b9e34c9800 nmethod 19149 0x000002b9d571c410 code [0x000002b9d571c600, 0x000002b9d571c948]
Event: 5519.662 Thread 0x000002b9e34c9800 19150       4       jdk.internal.reflect.ClassFileAssembler::emitConstantPoolMethodref (28 bytes)
Event: 5519.670 Thread 0x000002b9e34c9800 nmethod 19150 0x000002b9d571cd10 code [0x000002b9d571cf20, 0x000002b9d571d4a0]
Event: 5519.672 Thread 0x000002b9e34c9800 19151       4       java.lang.String::equals (65 bytes)
Event: 5519.674 Thread 0x000002b9e34c9800 nmethod 19151 0x000002b9d571da90 code [0x000002b9d571dc20, 0x000002b9d571de78]
Event: 5519.674 Thread 0x000002b9e34c9800 19152       4       java.io.ObjectOutputStream::writeHandle (21 bytes)
Event: 5519.676 Thread 0x000002b9e34c9800 nmethod 19152 0x000002b9d571df10 code [0x000002b9d571e0a0, 0x000002b9d571e218]
Event: 5519.677 Thread 0x000002b9e34c9800 19153   !   4       java.io.ObjectOutputStream::writeObject0 (619 bytes)
Event: 5519.908 Thread 0x000002b9e34cb000 19154       3       java.util.Arrays$ArrayList::indexOf (62 bytes)
Event: 5519.908 Thread 0x000002b9e34cb000 nmethod 19154 0x000002b9cfdc4590 code [0x000002b9cfdc4780, 0x000002b9cfdc4bc8]
Event: 5519.913 Thread 0x000002b9e34cb000 19156       1       org.gradle.internal.serialize.ExceptionReplacingObjectOutputStream::getObjectTransformer (5 bytes)
Event: 5519.913 Thread 0x000002b9e34cb000 nmethod 19156 0x000002b9d571e390 code [0x000002b9d571e540, 0x000002b9d571e5f8]
Event: 5519.919 Thread 0x000002b9e34cb000 19158       2       java.io.ObjectOutputStream::writeClassDesc (60 bytes)
Event: 5519.919 Thread 0x000002b9e34cb000 nmethod 19158 0x000002b9cfdc4d90 code [0x000002b9cfdc4fa0, 0x000002b9cfdc52e8]
Event: 5519.920 Thread 0x000002b9e34cb000 19159       3       org.gradle.internal.serialize.ExceptionReplacingObjectOutputStream::replaceObject (11 bytes)
Event: 5519.920 Thread 0x000002b9e34cb000 nmethod 19159 0x000002b9cfdc5590 code [0x000002b9cfdc5740, 0x000002b9cfdc5988]
Event: 5519.921 Thread 0x000002b9e34cb000 19160       3       org.gradle.internal.serialize.ExceptionPlaceholder$2::transform (70 bytes)
Event: 5519.922 Thread 0x000002b9e34cb000 nmethod 19160 0x000002b9cfdc5a90 code [0x000002b9cfdc5ca0, 0x000002b9cfdc6338]
Event: 5519.924 Thread 0x000002b9e34cb000 19161       3       java.util.concurrent.CopyOnWriteArrayList::indexOf (14 bytes)
Event: 5519.924 Thread 0x000002b9e34cb000 nmethod 19161 0x000002b9cfdc6590 code [0x000002b9cfdc6740, 0x000002b9cfdc68a8]

GC Heap History (20 events):
Event: 5511.752 GC heap before
{Heap before GC invocations=39 (full 0):
 garbage-first heap   total 267264K, used 148480K [0x0000000080000000, 0x0000000100000000)
  region size 1024K, 13 young (13312K), 2 survivors (2048K)
 Metaspace       used 115531K, capacity 118645K, committed 119984K, reserved 1153024K
  class space    used 15000K, capacity 16219K, committed 16512K, reserved 1048576K
}
Event: 5511.817 GC heap after
{Heap after GC invocations=40 (full 0):
 garbage-first heap   total 267264K, used 134656K [0x0000000080000000, 0x0000000100000000)
  region size 1024K, 2 young (2048K), 2 survivors (2048K)
 Metaspace       used 115531K, capacity 118645K, committed 119984K, reserved 1153024K
  class space    used 15000K, capacity 16219K, committed 16512K, reserved 1048576K
}
Event: 5512.055 GC heap before
{Heap before GC invocations=40 (full 0):
 garbage-first heap   total 267264K, used 154112K [0x0000000080000000, 0x0000000100000000)
  region size 1024K, 13 young (13312K), 2 survivors (2048K)
 Metaspace       used 115596K, capacity 118712K, committed 119984K, reserved 1153024K
  class space    used 15007K, capacity 16220K, committed 16512K, reserved 1048576K
}
Event: 5512.114 GC heap after
{Heap after GC invocations=41 (full 0):
 garbage-first heap   total 267264K, used 134527K [0x0000000080000000, 0x0000000100000000)
  region size 1024K, 2 young (2048K), 2 survivors (2048K)
 Metaspace       used 115596K, capacity 118712K, committed 119984K, reserved 1153024K
  class space    used 15007K, capacity 16220K, committed 16512K, reserved 1048576K
}
Event: 5512.659 GC heap before
{Heap before GC invocations=41 (full 0):
 garbage-first heap   total 267264K, used 155007K [0x0000000080000000, 0x0000000100000000)
  region size 1024K, 22 young (22528K), 2 survivors (2048K)
 Metaspace       used 115635K, capacity 118716K, committed 119984K, reserved 1153024K
  class space    used 15012K, capacity 16221K, committed 16512K, reserved 1048576K
}
Event: 5512.670 GC heap after
{Heap after GC invocations=42 (full 0):
 garbage-first heap   total 267264K, used 133255K [0x0000000080000000, 0x0000000100000000)
  region size 1024K, 3 young (3072K), 3 survivors (3072K)
 Metaspace       used 115635K, capacity 118716K, committed 119984K, reserved 1153024K
  class space    used 15012K, capacity 16221K, committed 16512K, reserved 1048576K
}
Event: 5513.223 GC heap before
{Heap before GC invocations=43 (full 0):
 garbage-first heap   total 267264K, used 152711K [0x0000000080000000, 0x0000000100000000)
  region size 1024K, 22 young (22528K), 3 survivors (3072K)
 Metaspace       used 115641K, capacity 118716K, committed 119984K, reserved 1153024K
  class space    used 15012K, capacity 16221K, committed 16512K, reserved 1048576K
}
Event: 5513.229 GC heap after
{Heap after GC invocations=44 (full 0):
 garbage-first heap   total 267264K, used 133258K [0x0000000080000000, 0x0000000100000000)
  region size 1024K, 1 young (1024K), 1 survivors (1024K)
 Metaspace       used 115641K, capacity 118716K, committed 119984K, reserved 1153024K
  class space    used 15012K, capacity 16221K, committed 16512K, reserved 1048576K
}
Event: 5513.643 GC heap before
{Heap before GC invocations=44 (full 0):
 garbage-first heap   total 267264K, used 152714K [0x0000000080000000, 0x0000000100000000)
  region size 1024K, 13 young (13312K), 1 survivors (1024K)
 Metaspace       used 115682K, capacity 118792K, committed 119984K, reserved 1153024K
  class space    used 15014K, capacity 16223K, committed 16512K, reserved 1048576K
}
Event: 5513.686 GC heap after
{Heap after GC invocations=45 (full 0):
 garbage-first heap   total 267264K, used 140288K [0x0000000080000000, 0x0000000100000000)
  region size 1024K, 2 young (2048K), 2 survivors (2048K)
 Metaspace       used 115682K, capacity 118792K, committed 119984K, reserved 1153024K
  class space    used 15014K, capacity 16223K, committed 16512K, reserved 1048576K
}
Event: 5513.698 GC heap before
{Heap before GC invocations=45 (full 0):
 garbage-first heap   total 267264K, used 140288K [0x0000000080000000, 0x0000000100000000)
  region size 1024K, 3 young (3072K), 2 survivors (2048K)
 Metaspace       used 115682K, capacity 118792K, committed 119984K, reserved 1153024K
  class space    used 15014K, capacity 16223K, committed 16512K, reserved 1048576K
}
Event: 5513.711 GC heap after
{Heap after GC invocations=46 (full 0):
 garbage-first heap   total 267264K, used 141346K [0x0000000080000000, 0x0000000100000000)
  region size 1024K, 2 young (2048K), 2 survivors (2048K)
 Metaspace       used 115682K, capacity 118792K, committed 119984K, reserved 1153024K
  class space    used 15014K, capacity 16223K, committed 16512K, reserved 1048576K
}
Event: 5514.667 GC heap before
{Heap before GC invocations=47 (full 0):
 garbage-first heap   total 267264K, used 162850K [0x0000000080000000, 0x0000000100000000)
  region size 1024K, 13 young (13312K), 2 survivors (2048K)
 Metaspace       used 116042K, capacity 119208K, committed 120368K, reserved 1153024K
  class space    used 15039K, capacity 16266K, committed 16640K, reserved 1048576K
}
Event: 5514.685 GC heap after
{Heap after GC invocations=48 (full 0):
 garbage-first heap   total 267264K, used 138527K [0x0000000080000000, 0x0000000100000000)
  region size 1024K, 2 young (2048K), 2 survivors (2048K)
 Metaspace       used 116042K, capacity 119208K, committed 120368K, reserved 1153024K
  class space    used 15039K, capacity 16266K, committed 16640K, reserved 1048576K
}
Event: 5515.270 GC heap before
{Heap before GC invocations=48 (full 0):
 garbage-first heap   total 267264K, used 148767K [0x0000000080000000, 0x0000000100000000)
  region size 1024K, 13 young (13312K), 2 survivors (2048K)
 Metaspace       used 116682K, capacity 119754K, committed 120880K, reserved 1153024K
  class space    used 15106K, capacity 16319K, committed 16640K, reserved 1048576K
}
Event: 5515.286 GC heap after
{Heap after GC invocations=49 (full 0):
 garbage-first heap   total 267264K, used 137638K [0x0000000080000000, 0x0000000100000000)
  region size 1024K, 1 young (1024K), 1 survivors (1024K)
 Metaspace       used 116682K, capacity 119754K, committed 120880K, reserved 1153024K
  class space    used 15106K, capacity 16319K, committed 16640K, reserved 1048576K
}
Event: 5516.509 GC heap before
{Heap before GC invocations=49 (full 0):
 garbage-first heap   total 267264K, used 166310K [0x0000000080000000, 0x0000000100000000)
  region size 1024K, 29 young (29696K), 1 survivors (1024K)
 Metaspace       used 119518K, capacity 122628K, committed 123952K, reserved 1157120K
  class space    used 15339K, capacity 16543K, committed 16896K, reserved 1048576K
}
Event: 5516.525 GC heap after
{Heap after GC invocations=50 (full 0):
 garbage-first heap   total 267264K, used 142197K [0x0000000080000000, 0x0000000100000000)
  region size 1024K, 4 young (4096K), 4 survivors (4096K)
 Metaspace       used 119518K, capacity 122628K, committed 123952K, reserved 1157120K
  class space    used 15339K, capacity 16543K, committed 16896K, reserved 1048576K
}
Event: 5517.506 GC heap before
{Heap before GC invocations=51 (full 0):
 garbage-first heap   total 267264K, used 156533K [0x0000000080000000, 0x0000000100000000)
  region size 1024K, 33 young (33792K), 4 survivors (4096K)
 Metaspace       used 120973K, capacity 124127K, committed 125232K, reserved 1157120K
  class space    used 15446K, capacity 16659K, committed 16896K, reserved 1048576K
}
Event: 5517.527 GC heap after
{Heap after GC invocations=52 (full 0):
 garbage-first heap   total 321536K, used 129310K [0x0000000080000000, 0x0000000100000000)
  region size 1024K, 2 young (2048K), 2 survivors (2048K)
 Metaspace       used 120973K, capacity 124127K, committed 125232K, reserved 1157120K
  class space    used 15446K, capacity 16659K, committed 16896K, reserved 1048576K
}

Deoptimization events (20 events):
Event: 5519.672 Thread 0x000002b9ec58b800 Uncommon trap: trap_request=0xffffff4d fr.pc=0x000002b9d55c9860 relative=0x00000000000026a0
Event: 5519.672 Thread 0x000002b9ec58b800 Uncommon trap: reason=unstable_if action=reinterpret pc=0x000002b9d55c9860 method=java.io.ObjectStreamClass$FieldReflector.getPrimFieldValues(Ljava/lang/Object;[B)V @ 44 c2
Event: 5519.672 Thread 0x000002b9ec58b800 DEOPT PACKING pc=0x000002b9d55c9860 sp=0x000000db871fc7c0
Event: 5519.672 Thread 0x000002b9ec58b800 DEOPT UNPACKING pc=0x000002b9cd1162a9 sp=0x000000db871fc5f8 mode 2
Event: 5519.672 Thread 0x000002b9ec58b800 Uncommon trap: trap_request=0xffffffde fr.pc=0x000002b9d4c1dfe8 relative=0x0000000000000248
Event: 5519.672 Thread 0x000002b9ec58b800 Uncommon trap: reason=class_check action=maybe_recompile pc=0x000002b9d4c1dfe8 method=java.lang.String.equals(Ljava/lang/Object;)Z @ 8 c2
Event: 5519.672 Thread 0x000002b9ec58b800 DEOPT PACKING pc=0x000002b9d4c1dfe8 sp=0x000000db871fc4f0
Event: 5519.672 Thread 0x000002b9ec58b800 DEOPT UNPACKING pc=0x000002b9cd1162a9 sp=0x000000db871fc488 mode 2
Event: 5519.672 Thread 0x000002b9ec58b800 Uncommon trap: trap_request=0xffffffde fr.pc=0x000002b9d4c1dfe8 relative=0x0000000000000248
Event: 5519.672 Thread 0x000002b9ec58b800 Uncommon trap: reason=class_check action=maybe_recompile pc=0x000002b9d4c1dfe8 method=java.lang.String.equals(Ljava/lang/Object;)Z @ 8 c2
Event: 5519.672 Thread 0x000002b9ec58b800 DEOPT PACKING pc=0x000002b9d4c1dfe8 sp=0x000000db871fc4f0
Event: 5519.672 Thread 0x000002b9ec58b800 DEOPT UNPACKING pc=0x000002b9cd1162a9 sp=0x000000db871fc488 mode 2
Event: 5519.672 Thread 0x000002b9ec58b800 Uncommon trap: trap_request=0xffffffde fr.pc=0x000002b9d4c1dfe8 relative=0x0000000000000248
Event: 5519.672 Thread 0x000002b9ec58b800 Uncommon trap: reason=class_check action=maybe_recompile pc=0x000002b9d4c1dfe8 method=java.lang.String.equals(Ljava/lang/Object;)Z @ 8 c2
Event: 5519.672 Thread 0x000002b9ec58b800 DEOPT PACKING pc=0x000002b9d4c1dfe8 sp=0x000000db871fc4f0
Event: 5519.672 Thread 0x000002b9ec58b800 DEOPT UNPACKING pc=0x000002b9cd1162a9 sp=0x000000db871fc488 mode 2
Event: 5519.672 Thread 0x000002b9ec58b800 Uncommon trap: trap_request=0xffffffde fr.pc=0x000002b9d4c1dfe8 relative=0x0000000000000248
Event: 5519.672 Thread 0x000002b9ec58b800 Uncommon trap: reason=class_check action=maybe_recompile pc=0x000002b9d4c1dfe8 method=java.lang.String.equals(Ljava/lang/Object;)Z @ 8 c2
Event: 5519.672 Thread 0x000002b9ec58b800 DEOPT PACKING pc=0x000002b9d4c1dfe8 sp=0x000000db871fc4b0
Event: 5519.672 Thread 0x000002b9ec58b800 DEOPT UNPACKING pc=0x000002b9cd1162a9 sp=0x000000db871fc448 mode 2

Classes redefined (0 events):
No events

Internal exceptions (20 events):
Event: 5514.418 Thread 0x000002b9e6408800 Exception <a 'java/lang/NoSuchMethodError'{0x000000009004f6c0}: <clinit>> (0x000000009004f6c0) thrown at [./src/hotspot/share/prims/jni.cpp, line 1362]
Event: 5517.291 Thread 0x000002b9e6408800 Exception <a 'java/lang/NoSuchMethodError'{0x000000008f0a9340}: <clinit>> (0x000000008f0a9340) thrown at [./src/hotspot/share/prims/jni.cpp, line 1362]
Event: 5517.292 Thread 0x000002b9e6408800 Exception <a 'java/lang/NoSuchMethodError'{0x000000008ee02218}: <clinit>> (0x000000008ee02218) thrown at [./src/hotspot/share/prims/jni.cpp, line 1362]
Event: 5517.292 Thread 0x000002b9e6408800 Exception <a 'java/lang/NoSuchMethodError'{0x000000008ee043b8}: <clinit>> (0x000000008ee043b8) thrown at [./src/hotspot/share/prims/jni.cpp, line 1362]
Event: 5517.293 Thread 0x000002b9e6408800 Exception <a 'java/lang/NoSuchMethodError'{0x000000008ee1b458}: <clinit>> (0x000000008ee1b458) thrown at [./src/hotspot/share/prims/jni.cpp, line 1362]
Event: 5517.293 Thread 0x000002b9e6408800 Exception <a 'java/lang/NoSuchMethodError'{0x000000008ee1c938}: <clinit>> (0x000000008ee1c938) thrown at [./src/hotspot/share/prims/jni.cpp, line 1362]
Event: 5517.301 Thread 0x000002b9ec598800 Exception <a 'java/lang/NoSuchMethodError'{0x000000008eea4818}: <clinit>> (0x000000008eea4818) thrown at [./src/hotspot/share/prims/jni.cpp, line 1362]
Event: 5517.458 Thread 0x000002b9e6408800 Exception <a 'java/lang/NoSuchMethodError'{0x000000008e949310}: <clinit>> (0x000000008e949310) thrown at [./src/hotspot/share/prims/jni.cpp, line 1362]
Event: 5517.463 Thread 0x000002b9e6408800 Exception <a 'java/lang/NoSuchMethodError'{0x000000008e995a38}: <clinit>> (0x000000008e995a38) thrown at [./src/hotspot/share/prims/jni.cpp, line 1362]
Event: 5517.466 Thread 0x000002b9e6408800 Exception <a 'java/lang/NoSuchMethodError'{0x000000008e9a8570}: <clinit>> (0x000000008e9a8570) thrown at [./src/hotspot/share/prims/jni.cpp, line 1362]
Event: 5517.957 Thread 0x000002b9e6407000 Exception <a 'java/lang/NoSuchMethodError'{0x000000009378c3f8}: 'int java.lang.invoke.DirectMethodHandle$Holder.invokeSpecialIFC(java.lang.Object, java.lang.Object, java.lang.Object)'> (0x000000009378c3f8) thrown at [./src/hotspot/share/interpreter/linkResolver.cpp, line 773]
Event: 5519.146 Thread 0x000002b9e6407000 Exception <a 'java/io/IOException'{0x00000000937c9ea0}> (0x00000000937c9ea0) thrown at [./src/hotspot/share/prims/jni.cpp, line 615]
Event: 5519.211 Thread 0x000002b9ec598800 Exception <a 'java/lang/NoSuchMethodError'{0x00000000934d5978}: <clinit>> (0x00000000934d5978) thrown at [./src/hotspot/share/prims/jni.cpp, line 1362]
Event: 5519.215 Thread 0x000002b9ec598800 Exception <a 'java/lang/NoSuchMethodError'{0x00000000934e9818}: <clinit>> (0x00000000934e9818) thrown at [./src/hotspot/share/prims/jni.cpp, line 1362]
Event: 5519.246 Thread 0x000002b9ec58b800 Exception <a 'sun/nio/fs/WindowsException'{0x000000009322b2f8}> (0x000000009322b2f8) thrown at [./src/hotspot/share/prims/jni.cpp, line 615]
Event: 5519.247 Thread 0x000002b9ec58b800 Exception <a 'sun/nio/fs/WindowsException'{0x000000009322b378}> (0x000000009322b378) thrown at [./src/hotspot/share/prims/jni.cpp, line 615]
Event: 5519.247 Thread 0x000002b9ec58b800 Exception <a 'sun/nio/fs/WindowsException'{0x000000009322e370}> (0x000000009322e370) thrown at [./src/hotspot/share/prims/jni.cpp, line 615]
Event: 5519.264 Thread 0x000002b9ec58b800 Implicit null exception at 0x000002b9d4ea6749 to 0x000002b9d4ea6cb4
Event: 5519.311 Thread 0x000002b9ec58b800 Implicit null exception at 0x000002b9d4f8e8d5 to 0x000002b9d4f8ec48
Event: 5519.312 Thread 0x000002b9ec58b800 Implicit null exception at 0x000002b9d4f42d9b to 0x000002b9d4f42e64

Events (20 events):
Event: 5519.581 loading class org/gradle/internal/serialize/ExceptionReplacingObjectOutputStream$2
Event: 5519.581 loading class org/gradle/internal/serialize/ExceptionReplacingObjectOutputStream$2 done
Event: 5519.582 loading class org/gradle/internal/serialize/StackTraceElementPlaceholder
Event: 5519.582 loading class org/gradle/internal/serialize/StackTraceElementPlaceholder done
Event: 5519.641 loading class org/gradle/internal/serialize/ExceptionPlaceholder$2
Event: 5519.641 loading class org/gradle/internal/serialize/ExceptionPlaceholder$2 done
Event: 5519.642 loading class org/gradle/tooling/internal/provider/serialization/DefaultPayloadClassLoaderRegistry$ClassLoaderSpecVisitor
Event: 5519.642 loading class org/gradle/tooling/internal/provider/serialization/DefaultPayloadClassLoaderRegistry$ClassLoaderSpecVisitor done
Event: 5519.642 Executing VM operation: Deoptimize
Event: 5519.644 Executing VM operation: Deoptimize done
Event: 5519.645 loading class com/google/common/cache/LocalCache$SoftValueReference
Event: 5519.645 loading class com/google/common/cache/LocalCache$SoftValueReference done
Event: 5519.653 loading class org/gradle/internal/serialize/NestedExceptionPlaceholder
Event: 5519.653 loading class org/gradle/internal/serialize/NestedExceptionPlaceholder done
Event: 5519.654 loading class org/gradle/internal/serialize/NestedExceptionPlaceholder$Kind
Event: 5519.654 loading class org/gradle/internal/serialize/NestedExceptionPlaceholder$Kind done
Event: 5519.909 Executing VM operation: BulkRevokeBias
Event: 5519.911 Executing VM operation: BulkRevokeBias done
Event: 5519.939 loading class java/io/NotSerializableException
Event: 5519.942 loading class java/io/NotSerializableException done


Dynamic libraries:
0x00007ff7ac900000 - 0x00007ff7ac90a000 	C:\Program Files\Android\Android Studio\jre\bin\java.exe
0x00007fff18210000 - 0x00007fff18407000 	C:\WINDOWS\SYSTEM32\ntdll.dll
0x00007fff17600000 - 0x00007fff176bd000 	C:\WINDOWS\System32\KERNEL32.DLL
0x00007fff15cc0000 - 0x00007fff15fb6000 	C:\WINDOWS\System32\KERNELBASE.dll
0x00007fff15a60000 - 0x00007fff15b60000 	C:\WINDOWS\System32\ucrtbase.dll
0x00007fff05350000 - 0x00007fff05369000 	C:\Program Files\Android\Android Studio\jre\bin\jli.dll
0x00007fff17020000 - 0x00007fff171be000 	C:\WINDOWS\System32\USER32.dll
0x00007fff16050000 - 0x00007fff16072000 	C:\WINDOWS\System32\win32u.dll
0x00007fff16f40000 - 0x00007fff16f6c000 	C:\WINDOWS\System32\GDI32.dll
0x00007fff16080000 - 0x00007fff1619a000 	C:\WINDOWS\System32\gdi32full.dll
0x00007fff161a0000 - 0x00007fff1623d000 	C:\WINDOWS\System32\msvcp_win.dll
0x00007fff00e10000 - 0x00007fff00e27000 	C:\Program Files\Android\Android Studio\jre\bin\VCRUNTIME140.dll
0x00007fff00150000 - 0x00007fff003ea000 	C:\WINDOWS\WinSxS\amd64_microsoft.windows.common-controls_6595b64144ccf1df_6.0.19041.3570_none_60bb2a3971f3e41a\COMCTL32.dll
0x00007fff173d0000 - 0x00007fff1746e000 	C:\WINDOWS\System32\msvcrt.dll
0x00007fff16fd0000 - 0x00007fff17000000 	C:\WINDOWS\System32\IMM32.DLL
0x00007ffee7d30000 - 0x00007ffee7dcd000 	C:\Program Files\Android\Android Studio\jre\bin\msvcp140.dll
0x00007ffedd170000 - 0x00007ffeddc45000 	C:\Program Files\Android\Android Studio\jre\bin\server\jvm.dll
0x00007fff177f0000 - 0x00007fff1789e000 	C:\WINDOWS\System32\ADVAPI32.dll
0x00007fff17750000 - 0x00007fff177ec000 	C:\WINDOWS\System32\sechost.dll
0x00007fff17ff0000 - 0x00007fff18116000 	C:\WINDOWS\System32\RPCRT4.dll
0x00007fff178a0000 - 0x00007fff178a8000 	C:\WINDOWS\System32\PSAPI.DLL
0x00007fff06d00000 - 0x00007fff06d09000 	C:\WINDOWS\SYSTEM32\WSOCK32.dll
0x00007fff169d0000 - 0x00007fff16a3b000 	C:\WINDOWS\System32\WS2_32.dll
0x00007fff04a30000 - 0x00007fff04a57000 	C:\WINDOWS\SYSTEM32\WINMM.dll
0x00007fff108a0000 - 0x00007fff108aa000 	C:\WINDOWS\SYSTEM32\VERSION.dll
0x00007fff13790000 - 0x00007fff137a2000 	C:\WINDOWS\SYSTEM32\kernel.appcore.dll
0x00007fff13030000 - 0x00007fff13041000 	C:\Program Files\Android\Android Studio\jre\bin\verify.dll
0x00007fff0c990000 - 0x00007fff0cb74000 	C:\WINDOWS\SYSTEM32\DBGHELP.DLL
0x00007fff0bbc0000 - 0x00007fff0bbf4000 	C:\WINDOWS\SYSTEM32\dbgcore.DLL
0x00007fff15fc0000 - 0x00007fff16042000 	C:\WINDOWS\System32\bcryptPrimitives.dll
0x00007fff0f970000 - 0x00007fff0f999000 	C:\Program Files\Android\Android Studio\jre\bin\java.dll
0x00007fff11330000 - 0x00007fff1133b000 	C:\Program Files\Android\Android Studio\jre\bin\jimage.dll
0x00007fff10d30000 - 0x00007fff10d48000 	C:\Program Files\Android\Android Studio\jre\bin\zip.dll
0x00007fff16280000 - 0x00007fff169c4000 	C:\WINDOWS\System32\SHELL32.dll
0x00007fff13990000 - 0x00007fff1412b000 	C:\WINDOWS\SYSTEM32\windows.storage.dll
0x00007fff16aa0000 - 0x00007fff16df4000 	C:\WINDOWS\System32\combase.dll
0x00007fff15260000 - 0x00007fff1528d000 	C:\WINDOWS\SYSTEM32\Wldp.dll
0x00007fff18120000 - 0x00007fff181cd000 	C:\WINDOWS\System32\SHCORE.dll
0x00007fff16e80000 - 0x00007fff16ed5000 	C:\WINDOWS\System32\shlwapi.dll
0x00007fff15820000 - 0x00007fff15845000 	C:\WINDOWS\SYSTEM32\profapi.dll
0x00007fff10b80000 - 0x00007fff10b9a000 	C:\Program Files\Android\Android Studio\jre\bin\net.dll
0x00007fff0a0d0000 - 0x00007fff0a1da000 	C:\WINDOWS\SYSTEM32\WINHTTP.dll
0x00007fff14fc0000 - 0x00007fff1502a000 	C:\WINDOWS\system32\mswsock.dll
0x00007fff0ec60000 - 0x00007fff0ec74000 	C:\Program Files\Android\Android Studio\jre\bin\nio.dll
0x00007fff09290000 - 0x00007fff092b7000 	C:\Users\User\.gradle\native\e1d6ef7f7dcc3fd88c89a11ec53ec762bb8ba0a96d01ffa2cd45eb1d1d8dd5c5\windows-amd64\native-platform.dll
0x00007ffede320000 - 0x00007ffede464000 	C:\Users\User\.gradle\native\5664cfc778a61ccfe75a443a1ab52a65af34e5dc3c78e0209fed803814484fcb\windows-amd64\native-platform-file-events.dll
0x00007fff11290000 - 0x00007fff1129a000 	C:\Program Files\Android\Android Studio\jre\bin\management.dll
0x00007fff10b70000 - 0x00007fff10b7d000 	C:\Program Files\Android\Android Studio\jre\bin\management_ext.dll
0x00007fff151b0000 - 0x00007fff151c8000 	C:\WINDOWS\SYSTEM32\CRYPTSP.dll
0x00007fff148d0000 - 0x00007fff14904000 	C:\WINDOWS\system32\rsaenh.dll
0x00007fff16240000 - 0x00007fff16267000 	C:\WINDOWS\System32\bcrypt.dll
0x00007fff157a0000 - 0x00007fff157ce000 	C:\WINDOWS\SYSTEM32\USERENV.dll
0x00007fff151d0000 - 0x00007fff151dc000 	C:\WINDOWS\SYSTEM32\CRYPTBASE.dll
0x00007fff14cb0000 - 0x00007fff14ceb000 	C:\WINDOWS\SYSTEM32\IPHLPAPI.DLL
0x00007fff17520000 - 0x00007fff17528000 	C:\WINDOWS\System32\NSI.dll
0x00007fff0a8a0000 - 0x00007fff0a8b7000 	C:\WINDOWS\SYSTEM32\dhcpcsvc6.DLL
0x00007fff0ab00000 - 0x00007fff0ab1d000 	C:\WINDOWS\SYSTEM32\dhcpcsvc.DLL
0x00007fff14cf0000 - 0x00007fff14dba000 	C:\WINDOWS\SYSTEM32\DNSAPI.dll
0x00007ffef4770000 - 0x00007ffef478e000 	C:\Users\User\AppData\Local\Temp\native-platform2347352703335484835dir\native-platform.dll
0x00007fff01280000 - 0x00007fff01288000 	C:\Program Files\Android\Android Studio\jre\bin\rmi.dll
0x00007fff09320000 - 0x00007fff09347000 	C:\Program Files\Android\Android Studio\jre\bin\sunec.dll

dbghelp: loaded successfully - version: 4.0.5 - missing functions: none
symbol engine: initialized successfully - sym options: 0x614 - pdb path: .;C:\Program Files\Android\Android Studio\jre\bin;C:\WINDOWS\SYSTEM32;C:\WINDOWS\WinSxS\amd64_microsoft.windows.common-controls_6595b64144ccf1df_6.0.19041.3570_none_60bb2a3971f3e41a;C:\Program Files\Android\Android Studio\jre\bin\server;C:\Users\User\.gradle\native\e1d6ef7f7dcc3fd88c89a11ec53ec762bb8ba0a96d01ffa2cd45eb1d1d8dd5c5\windows-amd64;C:\Users\User\.gradle\native\5664cfc778a61ccfe75a443a1ab52a65af34e5dc3c78e0209fed803814484fcb\windows-amd64;C:\Users\User\AppData\Local\Temp\native-platform2347352703335484835dir

VM Arguments:
jvm_args: --add-opens=java.base/java.util=ALL-UNNAMED --add-opens=java.base/java.lang=ALL-UNNAMED --add-opens=java.base/java.lang.invoke=ALL-UNNAMED --add-opens=java.base/java.util=ALL-UNNAMED --add-opens=java.prefs/java.util.prefs=ALL-UNNAMED --add-opens=java.prefs/java.util.prefs=ALL-UNNAMED --add-opens=java.base/java.nio.charset=ALL-UNNAMED --add-opens=java.base/java.net=ALL-UNNAMED --add-opens=java.base/java.util.concurrent.atomic=ALL-UNNAMED -Xmx2048m -Dfile.encoding=UTF-8 -Duser.country=RU -Duser.language=ru -Duser.variant 
java_command: org.gradle.launcher.daemon.bootstrap.GradleDaemon 7.2
java_class_path (initial): C:\Users\User\.gradle\wrapper\dists\gradle-7.2-bin\2dnblmf4td7x66yl1d74lt32g\gradle-7.2\lib\gradle-launcher-7.2.jar
Launcher Type: SUN_STANDARD

[Global flags]
     intx CICompilerCount                          = 2                                         {product} {ergonomic}
     uint ConcGCThreads                            = 1                                         {product} {ergonomic}
     uint G1ConcRefinementThreads                  = 2                                         {product} {ergonomic}
   size_t G1HeapRegionSize                         = 1048576                                   {product} {ergonomic}
    uintx GCDrainStackTargetSize                   = 64                                        {product} {ergonomic}
   size_t InitialHeapSize                          = 127926272                                 {product} {ergonomic}
   size_t MarkStackSize                            = 4194304                                   {product} {ergonomic}
   size_t MaxHeapSize                              = 2147483648                                {product} {command line}
   size_t MaxNewSize                               = 1287651328                                {product} {ergonomic}
   size_t MinHeapDeltaBytes                        = 1048576                                   {product} {ergonomic}
    uintx NonNMethodCodeHeapSize                   = 5825164                                {pd product} {ergonomic}
    uintx NonProfiledCodeHeapSize                  = 122916538                              {pd product} {ergonomic}
    uintx ProfiledCodeHeapSize                     = 122916538                              {pd product} {ergonomic}
    uintx ReservedCodeCacheSize                    = 251658240                              {pd product} {ergonomic}
     bool SegmentedCodeCache                       = true                                      {product} {ergonomic}
     bool UseCompressedClassPointers               = true                                 {lp64_product} {ergonomic}
     bool UseCompressedOops                        = true                                 {lp64_product} {ergonomic}
     bool UseG1GC                                  = true                                      {product} {ergonomic}
     bool UseLargePagesIndividualAllocation        = false                                  {pd product} {ergonomic}

Logging:
Log output configuration:
 #0: stdout all=warning uptime,level,tags
 #1: stderr all=off uptime,level,tags

Environment Variables:
PATH=C:\Program Files\Broadcom\Broadcom 802.11 Network Adapter\Driver;;C:\Program Files (x86)\Intel\iCLS Client\;C:\Program Files\Intel\iCLS Client\;C:\WINDOWS\system32;C:\WINDOWS;C:\WINDOWS\System32\Wbem;C:\WINDOWS\System32\WindowsPowerShell\v1.0\;C:\WINDOWS\System32\OpenSSH\;C:\Program Files\Git\cmd;C:\Android SDK;C:\AndroidStudioProject;E:\LessonsAndroid;;C:\Program Files\Intel\Intel(R) Management Engine Components\DAL;C:\Program Files\Intel\Intel(R) Management Engine Components\IPT;C:\Program Files (x86)\Intel\Intel(R) Management Engine Components\DAL;C:\Program Files (x86)\Intel\Intel(R) Management Engine Components\IPT;C:\Users\User\AppData\Local\Microsoft\WindowsApps;C:\Users\User\AppData\Local\gitkraken\bin
USERNAME=User
OS=Windows_NT
PROCESSOR_IDENTIFIER=Intel64 Family 6 Model 58 Stepping 9, GenuineIntel



---------------  S Y S T E M  ---------------

OS: Windows 10 , 64 bit Build 19041 (10.0.19041.3570)
OS uptime: 0 days 21:10 hours

CPU:total 2 (initial active 2) (2 cores per cpu, 1 threads per core) family 6 model 58 stepping 9 microcode 0x21, cmov, cx8, fxsr, mmx, sse, sse2, sse3, ssse3, sse4.1, sse4.2, popcnt, clmul, erms, tsc, tscinvbit, tscinv

Memory: 4k page, system-wide physical 7805M (275M free)
TotalPageFile size 11901M (AvailPageFile size 5M)
current process WorkingSet (physical memory assigned to process): 441M, peak: 554M
current process commit charge ("private bytes"): 651M, peak: 652M

vm_info: OpenJDK 64-Bit Server VM (11.0.11+9-b60-7590822) for windows-amd64 JRE (11.0.11+9-b60-7590822), built on Jul 29 2021 21:43:44 by "builder" with MS VC++ 14.0 (VS2015)

END.
